
Attaching package: ‘dplyr’

The following objects are masked from ‘package:stats’:

    filter, lag

The following objects are masked from ‘package:base’:

    intersect, setdiff, setequal, union

── Attaching core tidyverse packages ──────────────────────── tidyverse 2.0.0 ──
✔ forcats   1.0.0     ✔ readr     2.1.4
✔ ggplot2   3.4.4     ✔ stringr   1.5.1
✔ lubridate 1.9.3     ✔ tibble    3.2.1
✔ purrr     0.3.5     ✔ tidyr     1.2.1
── Conflicts ────────────────────────────────────────── tidyverse_conflicts() ──
✖ dplyr::filter() masks stats::filter()
✖ dplyr::lag()    masks stats::lag()
ℹ Use the conflicted package (<http://conflicted.r-lib.org/>) to force all conflicts to become errors
Loading required package: slam
Using the GLPK callable library version 4.65
Loading required package: foreach

Attaching package: ‘foreach’

The following objects are masked from ‘package:purrr’:

    accumulate, when

Loading required package: iterators
Loading required package: parallel
       id               Y               T               C           
 Min.   :  1.00   Min.   : 0.00   Min.   : 0.00   Min.   :  0.0057  
 1st Qu.: 25.00   1st Qu.: 2.00   1st Qu.: 6.00   1st Qu.:  2.7815  
 Median : 50.00   Median : 5.00   Median :11.50   Median :  9.3970  
 Mean   : 51.43   Mean   : 7.25   Mean   :13.41   Mean   : 25.7674  
 3rd Qu.: 77.00   3rd Qu.:10.49   3rd Qu.:19.00   3rd Qu.: 26.3411  
 Max.   :100.00   Max.   :40.00   Max.   :63.00   Max.   :834.5007  
       D                A                X1                  X2          
 Min.   :0.0000   Min.   :0.0000   Min.   :-5.589984   Min.   :0.001376  
 1st Qu.:0.0000   1st Qu.:0.0000   1st Qu.:-1.304851   1st Qu.:0.252894  
 Median :1.0000   Median :0.0000   Median :-0.001133   Median :0.518262  
 Mean   :0.5188   Mean   :0.2584   Mean   :-0.028262   Mean   :0.507105  
 3rd Qu.:1.0000   3rd Qu.:1.0000   3rd Qu.: 1.203580   3rd Qu.:0.754950  
 Max.   :1.0000   Max.   :1.0000   Max.   : 5.996220   Max.   :0.999177  
       X3       
 Min.   :0.000  
 1st Qu.:0.000  
 Median :1.000  
 Mean   :0.505  
 3rd Qu.:1.000  
 Max.   :1.000  
Simulation No: 1 || m = 50
Simulation No: 2 || m = 50
Simulation No: 3 || m = 50
Simulation No: 4 || m = 50
Simulation No: 5 || m = 50
Simulation No: 6 || m = 50
Simulation No: 7 || m = 50
Simulation No: 9 || m = 50
Simulation No: 8 || m = 50
Simulation No: 10 || m = 50
. AddIPW done
. AddIPW done
. AddIPW done
. AddIPW done
. AddIPW done
. AddIPW done
. AddIPW done
. AddIPW done
. AddIPW done
. AddIPW done
. No Interference IPW done
. No Interference IPW done
. No Interference IPW done
. No Interference IPW done
. No Interference IPW done
. No Interference IPW done
. No Interference IPW done
. No Interference IPW done
. No Interference IPW done
. No Interference IPW done
. Cluster IPW done
. Cluster IPW done
. Cluster IPW done
. Cluster IPW done
. Cluster IPW done
. Cluster IPW done
. Cluster IPW done
. Cluster IPW done
. Cluster IPW done
. Cluster IPW done
Simulation No: 1 || m = 100
Simulation No: 2 || m = 100
Simulation No: 3 || m = 100
Simulation No: 4 || m = 100
Simulation No: 5 || m = 100
Simulation No: 6 || m = 100
Simulation No: 7 || m = 100
Simulation No: 8 || m = 100
Simulation No: 10 || m = 100
Simulation No: 9 || m = 100
. AddIPW done
. AddIPW done
. AddIPW done
. AddIPW done
. AddIPW done
. AddIPW done
. AddIPW done
. No Interference IPW done
. AddIPW done
. AddIPW done
. No Interference IPW done
. No Interference IPW done
. No Interference IPW done
. No Interference IPW done
. No Interference IPW done
. AddIPW done
. No Interference IPW done
. No Interference IPW done
. No Interference IPW done
. No Interference IPW done
. Cluster IPW done
. Cluster IPW done
. Cluster IPW done
. Cluster IPW done
. Cluster IPW done
. Cluster IPW done
. Cluster IPW done
. Cluster IPW done
. Cluster IPW done
. Cluster IPW done
Simulation No: 1 || m = 200
Simulation No: 2 || m = 200
Simulation No: 3 || m = 200
Simulation No: 4 || m = 200
Simulation No: 5 || m = 200
Simulation No: 6 || m = 200Simulation No: 7 || m = 200

Simulation No: 8 || m = 200
Simulation No: 10 || m = 200
Simulation No: 9 || m = 200
. AddIPW done
. AddIPW done
. AddIPW done
. AddIPW done
. AddIPW done
. AddIPW done
. No Interference IPW done
. AddIPW done
. No Interference IPW done
. No Interference IPW done
. No Interference IPW done
. AddIPW done
. No Interference IPW done
. AddIPW done
. AddIPW done
. No Interference IPW done
. No Interference IPW done
. No Interference IPW done
. No Interference IPW done
. No Interference IPW done
. Cluster IPW done
. Cluster IPW done
. Cluster IPW done
. Cluster IPW done
. Cluster IPW done
. Cluster IPW done
. Cluster IPW done
. Cluster IPW done
. Cluster IPW done
. Cluster IPW done
Simulation No: 1 || m = 400
Simulation No: 2 || m = 400
Simulation No: 3 || m = 400
Simulation No: 5 || m = 400
Simulation No: 4 || m = 400
Simulation No: 6 || m = 400
Simulation No: 8 || m = 400
Simulation No: 9 || m = 400
Simulation No: 7 || m = 400
Simulation No: 10 || m = 400
. AddIPW done
. AddIPW done
. AddIPW done
. AddIPW done
. AddIPW done
. AddIPW done
. No Interference IPW done
. No Interference IPW done
. No Interference IPW done
. No Interference IPW done
. No Interference IPW done
. No Interference IPW done
. AddIPW done
. AddIPW done
. AddIPW done
. Cluster IPW done
. No Interference IPW done
. No Interference IPW done
. Cluster IPW done
. Cluster IPW done
. No Interference IPW done
. Cluster IPW done
. Cluster IPW done
. Cluster IPW done
. Cluster IPW done
. Cluster IPW done
. Cluster IPW done
slurmstepd: error: *** JOB 52981866 ON c0807 CANCELLED AT 2024-11-02T06:32:20 DUE TO TIME LIMIT ***
