
Attaching package: ‘dplyr’

The following objects are masked from ‘package:stats’:

    filter, lag

The following objects are masked from ‘package:base’:

    intersect, setdiff, setequal, union

── Attaching core tidyverse packages ──────────────────────── tidyverse 2.0.0 ──
✔ forcats   1.0.0     ✔ readr     2.1.4
✔ ggplot2   3.4.4     ✔ stringr   1.5.1
✔ lubridate 1.9.3     ✔ tibble    3.2.1
✔ purrr     0.3.5     ✔ tidyr     1.2.1
── Conflicts ────────────────────────────────────────── tidyverse_conflicts() ──
✖ dplyr::filter() masks stats::filter()
✖ dplyr::lag()    masks stats::lag()
ℹ Use the conflicted package (<http://conflicted.r-lib.org/>) to force all conflicts to become errors
Loading required package: slam
Using the GLPK callable library version 4.65
Loading required package: foreach

Attaching package: ‘foreach’

The following objects are masked from ‘package:purrr’:

    accumulate, when

Loading required package: iterators
Loading required package: parallel
       id              Y                T               C            
 Min.   :  1.0   Min.   : 0.000   Min.   : 0.00   Min.   :   0.0007  
 1st Qu.: 25.0   1st Qu.: 1.976   1st Qu.: 6.00   1st Qu.:   2.6360  
 Median : 50.0   Median : 5.000   Median :12.00   Median :   8.4164  
 Mean   : 51.3   Mean   : 7.072   Mean   :14.06   Mean   :  25.3440  
 3rd Qu.: 78.0   3rd Qu.:10.127   3rd Qu.:19.00   3rd Qu.:  24.7551  
 Max.   :100.0   Max.   :44.000   Max.   :70.00   Max.   :1358.7311  
       D                A                X1                 X2           
 Min.   :0.0000   Min.   :0.0000   Min.   :-6.94020   Min.   :0.0000321  
 1st Qu.:0.0000   1st Qu.:0.0000   1st Qu.:-1.35436   1st Qu.:0.2460512  
 Median :0.0000   Median :0.0000   Median : 0.09186   Median :0.5039289  
 Mean   :0.4915   Mean   :0.2663   Mean   : 0.05630   Mean   :0.4995185  
 3rd Qu.:1.0000   3rd Qu.:1.0000   3rd Qu.: 1.39928   3rd Qu.:0.7615304  
 Max.   :1.0000   Max.   :1.0000   Max.   : 6.66943   Max.   :0.9996529  
       X3        
 Min.   :0.0000  
 1st Qu.:0.0000  
 Median :0.0000  
 Mean   :0.4985  
 3rd Qu.:1.0000  
 Max.   :1.0000  
Simulation No: 1 || m = 50
Simulation No: 2 || m = 50
Simulation No: 3 || m = 50
Simulation No: 4 || m = 50
Simulation No: 5 || m = 50
Simulation No: 8 || m = 50
Simulation No: 6 || m = 50
Simulation No: 7 || m = 50
Simulation No: 9 || m = 50
Simulation No: 10 || m = 50
. AddIPW done
. AddIPW done
. AddIPW done
. AddIPW done
. AddIPW done
. AddIPW done
. No Interference IPW done
. AddIPW done
. AddIPW done
. No Interference IPW done
. No Interference IPW done
. AddIPW done
. AddIPW done
. No Interference IPW done
. No Interference IPW done
. No Interference IPW done
. No Interference IPW done
. No Interference IPW done
. No Interference IPW done
. No Interference IPW done
. Cluster IPW done
. Cluster IPW done
. Cluster IPW done
. Cluster IPW done
. Cluster IPW done
. Cluster IPW done
. Cluster IPW done
. Cluster IPW done
. Cluster IPW done
. Cluster IPW done
Simulation No: 1 || m = 100
Simulation No: 2 || m = 100
Simulation No: 3 || m = 100
Simulation No: 4 || m = 100
Simulation No: 5 || m = 100
Simulation No: 6 || m = 100
Simulation No: 7 || m = 100
Simulation No: 10 || m = 100
Simulation No: 8 || m = 100
Simulation No: 9 || m = 100
. AddIPW done
. AddIPW done
. AddIPW done
. AddIPW done
. AddIPW done
. AddIPW done
. AddIPW done
. AddIPW done
. AddIPW done
. AddIPW done
. No Interference IPW done
. No Interference IPW done
. No Interference IPW done
. No Interference IPW done
. No Interference IPW done
. No Interference IPW done
. No Interference IPW done
. No Interference IPW done
. No Interference IPW done
. Cluster IPW done
. Cluster IPW done
. Cluster IPW done
. Cluster IPW done
. Cluster IPW done
. Cluster IPW done
. Cluster IPW done
. Cluster IPW done
. Cluster IPW done
slurmstepd: error: *** JOB 52981873 ON c0932 CANCELLED AT 2024-11-02T06:32:20 DUE TO TIME LIMIT ***
