
Attaching package: ‘dplyr’

The following objects are masked from ‘package:stats’:

    filter, lag

The following objects are masked from ‘package:base’:

    intersect, setdiff, setequal, union

── Attaching core tidyverse packages ──────────────────────── tidyverse 2.0.0 ──
✔ forcats   1.0.0     ✔ readr     2.1.4
✔ ggplot2   3.4.4     ✔ stringr   1.5.1
✔ lubridate 1.9.3     ✔ tibble    3.2.1
✔ purrr     0.3.5     ✔ tidyr     1.2.1
── Conflicts ────────────────────────────────────────── tidyverse_conflicts() ──
✖ dplyr::filter() masks stats::filter()
✖ dplyr::lag()    masks stats::lag()
ℹ Use the conflicted package (<http://conflicted.r-lib.org/>) to force all conflicts to become errors
Loading required package: slam
Using the GLPK callable library version 4.65
Loading required package: foreach

Attaching package: ‘foreach’

The following objects are masked from ‘package:purrr’:

    accumulate, when

Loading required package: iterators
Loading required package: parallel
       id               Y                T               C           
 Min.   :  1.00   Min.   : 0.000   Min.   : 0.00   Min.   :  0.0095  
 1st Qu.: 25.75   1st Qu.: 2.000   1st Qu.: 6.00   1st Qu.:  2.8338  
 Median : 51.00   Median : 5.000   Median :11.00   Median :  8.1979  
 Mean   : 51.36   Mean   : 6.777   Mean   :13.29   Mean   : 22.7196  
 3rd Qu.: 78.00   3rd Qu.: 9.000   3rd Qu.:18.00   3rd Qu.: 24.0150  
 Max.   :100.00   Max.   :36.000   Max.   :58.00   Max.   :436.7324  
       D                A               X1                 X2           
 Min.   :0.0000   Min.   :0.000   Min.   :-6.05943   Min.   :0.0008095  
 1st Qu.:0.0000   1st Qu.:0.000   1st Qu.:-1.32273   1st Qu.:0.2591326  
 Median :1.0000   Median :0.000   Median : 0.02221   Median :0.5082955  
 Mean   :0.5138   Mean   :0.266   Mean   : 0.04108   Mean   :0.5060376  
 3rd Qu.:1.0000   3rd Qu.:1.000   3rd Qu.: 1.46271   3rd Qu.:0.7511777  
 Max.   :1.0000   Max.   :1.000   Max.   : 5.41111   Max.   :0.9980848  
       X3       
 Min.   :0.000  
 1st Qu.:0.000  
 Median :0.000  
 Mean   :0.483  
 3rd Qu.:1.000  
 Max.   :1.000  
Simulation No: 1 || m = 50
Simulation No: 2 || m = 50
Simulation No: 3 || m = 50
Simulation No: 4 || m = 50
Simulation No: 5 || m = 50
Simulation No: 7 || m = 50
Simulation No: 6 || m = 50
Simulation No: 8 || m = 50
Simulation No: 9 || m = 50
Simulation No: 10 || m = 50
. AddIPW done
. AddIPW done
. AddIPW done
. AddIPW done
. AddIPW done
. AddIPW done
. AddIPW done
. AddIPW done
. AddIPW done
. AddIPW done
. No Interference IPW done
. No Interference IPW done
. No Interference IPW done
. No Interference IPW done
. No Interference IPW done
. No Interference IPW done
. No Interference IPW done
. No Interference IPW done
. No Interference IPW done
. No Interference IPW done
. Cluster IPW done
. Cluster IPW done
. Cluster IPW done
. Cluster IPW done
. Cluster IPW done
. Cluster IPW done
. Cluster IPW done
. Cluster IPW done
. Cluster IPW done
. Cluster IPW done
Simulation No: 1 || m = 100
Simulation No: 2 || m = 100
Simulation No: 3 || m = 100
Simulation No: 4 || m = 100
Simulation No: 5 || m = 100
Simulation No: 6 || m = 100
Simulation No: 9 || m = 100
Simulation No: 7 || m = 100
Simulation No: 8 || m = 100
Simulation No: 10 || m = 100
. AddIPW done
. AddIPW done
. AddIPW done
. AddIPW done
. AddIPW done
. AddIPW done
. AddIPW done
. AddIPW done
. AddIPW done
. AddIPW done
. No Interference IPW done
. No Interference IPW done
. No Interference IPW done
. No Interference IPW done
. No Interference IPW done
. No Interference IPW done
. No Interference IPW done
. No Interference IPW done
. No Interference IPW done
. No Interference IPW done
. Cluster IPW done
. Cluster IPW done
. Cluster IPW done
. Cluster IPW done
. Cluster IPW done
. Cluster IPW done
. Cluster IPW done
. Cluster IPW done
. Cluster IPW done
. Cluster IPW done
Simulation No: 1 || m = 200
Simulation No: 2 || m = 200
Simulation No: 3 || m = 200
Simulation No: 4 || m = 200
Simulation No: 5 || m = 200
Simulation No: 6 || m = 200
Simulation No: 9 || m = 200
Simulation No: 7 || m = 200
Simulation No: 8 || m = 200
Simulation No: 10 || m = 200
. AddIPW done
. AddIPW done
. AddIPW done
. AddIPW done
. AddIPW done
. AddIPW done
. AddIPW done
. AddIPW done
. AddIPW done
. No Interference IPW done
. No Interference IPW done
. No Interference IPW done
. No Interference IPW done
. No Interference IPW done
. No Interference IPW done
. No Interference IPW done
. No Interference IPW done
. No Interference IPW done
. Cluster IPW done
. Cluster IPW done
. Cluster IPW done
. Cluster IPW done
. Cluster IPW done
. Cluster IPW done
. Cluster IPW done
. Cluster IPW done
. Cluster IPW done
slurmstepd: error: *** JOB 52981859 ON c0939 CANCELLED AT 2024-11-02T06:32:20 DUE TO TIME LIMIT ***
