
Attaching package: ‘dplyr’

The following objects are masked from ‘package:stats’:

    filter, lag

The following objects are masked from ‘package:base’:

    intersect, setdiff, setequal, union

── Attaching core tidyverse packages ──────────────────────── tidyverse 2.0.0 ──
✔ forcats   1.0.0     ✔ readr     2.1.4
✔ ggplot2   3.4.4     ✔ stringr   1.5.1
✔ lubridate 1.9.3     ✔ tibble    3.2.1
✔ purrr     0.3.5     ✔ tidyr     1.2.1
── Conflicts ────────────────────────────────────────── tidyverse_conflicts() ──
✖ dplyr::filter() masks stats::filter()
✖ dplyr::lag()    masks stats::lag()
ℹ Use the conflicted package (<http://conflicted.r-lib.org/>) to force all conflicts to become errors
Loading required package: slam
Using the GLPK callable library version 4.65
Loading required package: foreach

Attaching package: ‘foreach’

The following objects are masked from ‘package:purrr’:

    accumulate, when

Loading required package: iterators
Loading required package: parallel
       id               Y                T               C           
 Min.   :  1.00   Min.   : 0.000   Min.   : 0.00   Min.   :   0.008  
 1st Qu.: 27.00   1st Qu.: 2.000   1st Qu.: 7.00   1st Qu.:   2.680  
 Median : 52.00   Median : 5.000   Median :12.00   Median :   8.545  
 Mean   : 51.43   Mean   : 7.166   Mean   :14.03   Mean   :  34.155  
 3rd Qu.: 77.00   3rd Qu.:10.000   3rd Qu.:18.00   3rd Qu.:  25.084  
 Max.   :100.00   Max.   :54.000   Max.   :83.00   Max.   :4080.370  
       D                A                X1                X2           
 Min.   :0.0000   Min.   :0.0000   Min.   :-8.5682   Min.   :0.0003782  
 1st Qu.:0.0000   1st Qu.:0.0000   1st Qu.:-1.4332   1st Qu.:0.2518963  
 Median :0.0000   Median :0.0000   Median : 0.1209   Median :0.4933031  
 Mean   :0.4995   Mean   :0.2739   Mean   :-0.0397   Mean   :0.4973628  
 3rd Qu.:1.0000   3rd Qu.:1.0000   3rd Qu.: 1.3662   3rd Qu.:0.7455474  
 Max.   :1.0000   Max.   :1.0000   Max.   : 6.2013   Max.   :0.9981822  
       X3        
 Min.   :0.0000  
 1st Qu.:0.0000  
 Median :0.0000  
 Mean   :0.4825  
 3rd Qu.:1.0000  
 Max.   :1.0000  
Simulation No: 1 || m = 50
Simulation No: 2 || m = 50
Simulation No: 3 || m = 50
Simulation No: 4 || m = 50
Simulation No: 5 || m = 50
Simulation No: 6 || m = 50
Simulation No: 7 || m = 50
Simulation No: 8 || m = 50
Simulation No: 10 || m = 50
Simulation No: 9 || m = 50
. AddIPW done
. AddIPW done
. AddIPW done
. AddIPW done
. AddIPW done
. AddIPW done
. No Interference IPW done
. No Interference IPW done
. AddIPW done
. AddIPW done
. No Interference IPW done
. No Interference IPW done
. AddIPW done
. No Interference IPW done
. No Interference IPW done
. AddIPW done
. No Interference IPW done
. No Interference IPW done
. No Interference IPW done
. No Interference IPW done
. Cluster IPW done
. Cluster IPW done
. Cluster IPW done
. Cluster IPW done
. Cluster IPW done
. Cluster IPW done
. Cluster IPW done
. Cluster IPW done
. Cluster IPW done
. Cluster IPW done
Simulation No: 1 || m = 100
Simulation No: 4 || m = 100
Simulation No: 2 || m = 100
Simulation No: 5 || m = 100
Simulation No: 6 || m = 100
Simulation No: 3 || m = 100
Simulation No: 7 || m = 100
Simulation No: 8 || m = 100
Simulation No: 9 || m = 100
Simulation No: 10 || m = 100
. AddIPW done
. AddIPW done
. AddIPW done
. AddIPW done
. AddIPW done
. AddIPW done
. AddIPW done
. AddIPW done
. AddIPW done
. AddIPW done
. No Interference IPW done
. No Interference IPW done
. No Interference IPW done
. No Interference IPW done
. No Interference IPW done
. No Interference IPW done
. No Interference IPW done
. No Interference IPW done
. No Interference IPW done
. No Interference IPW done
. Cluster IPW done
. Cluster IPW done
. Cluster IPW done
. Cluster IPW done
. Cluster IPW done
. Cluster IPW done
. Cluster IPW done
. Cluster IPW done
. Cluster IPW done
. Cluster IPW done
Simulation No: 1 || m = 200
Simulation No: 2 || m = 200
Simulation No: 4 || m = 200
Simulation No: 3 || m = 200
Simulation No: 5 || m = 200
Simulation No: 6 || m = 200
Simulation No: 8 || m = 200
Simulation No: 9 || m = 200
Simulation No: 10 || m = 200
Simulation No: 7 || m = 200
. AddIPW done
. AddIPW done
. AddIPW done
. AddIPW done
. AddIPW done
. AddIPW done
. AddIPW done
. AddIPW done
. AddIPW done
. AddIPW done
. No Interference IPW done
. No Interference IPW done
. No Interference IPW done
. No Interference IPW done
. No Interference IPW done
. No Interference IPW done
. No Interference IPW done
. No Interference IPW done
. No Interference IPW done
. Cluster IPW done
. Cluster IPW done
. Cluster IPW done
. Cluster IPW done
. Cluster IPW done
. Cluster IPW done
. Cluster IPW done
. Cluster IPW done
. Cluster IPW done
slurmstepd: error: *** JOB 52982756 ON c0401 CANCELLED AT 2024-11-02T07:45:27 DUE TO TIME LIMIT ***
