
Attaching package: ‘dplyr’

The following objects are masked from ‘package:stats’:

    filter, lag

The following objects are masked from ‘package:base’:

    intersect, setdiff, setequal, union

── Attaching core tidyverse packages ──────────────────────── tidyverse 2.0.0 ──
✔ forcats   1.0.0     ✔ readr     2.1.4
✔ ggplot2   3.4.4     ✔ stringr   1.5.1
✔ lubridate 1.9.3     ✔ tibble    3.2.1
✔ purrr     0.3.5     ✔ tidyr     1.2.1
── Conflicts ────────────────────────────────────────── tidyverse_conflicts() ──
✖ dplyr::filter() masks stats::filter()
✖ dplyr::lag()    masks stats::lag()
ℹ Use the conflicted package (<http://conflicted.r-lib.org/>) to force all conflicts to become errors
Loading required package: slam
Using the GLPK callable library version 4.65
Loading required package: foreach

Attaching package: ‘foreach’

The following objects are masked from ‘package:purrr’:

    accumulate, when

Loading required package: iterators
Loading required package: parallel
       id               Y                T                C           
 Min.   :  1.00   Min.   : 0.000   Min.   :  0.00   Min.   :  0.0062  
 1st Qu.: 25.00   1st Qu.: 2.000   1st Qu.:  6.00   1st Qu.:  2.6917  
 Median : 49.00   Median : 5.000   Median : 11.00   Median :  8.9380  
 Mean   : 50.34   Mean   : 7.091   Mean   : 13.53   Mean   : 27.6847  
 3rd Qu.: 76.00   3rd Qu.:10.000   3rd Qu.: 19.00   3rd Qu.: 25.6718  
 Max.   :100.00   Max.   :39.000   Max.   :103.00   Max.   :650.3718  
       D                A                X1                 X2           
 Min.   :0.0000   Min.   :0.0000   Min.   :-6.63444   Min.   :0.0000276  
 1st Qu.:0.0000   1st Qu.:0.0000   1st Qu.:-1.32422   1st Qu.:0.2553154  
 Median :1.0000   Median :0.0000   Median :-0.01978   Median :0.5145912  
 Mean   :0.5164   Mean   :0.2517   Mean   :-0.03979   Mean   :0.5060848  
 3rd Qu.:1.0000   3rd Qu.:1.0000   3rd Qu.: 1.29567   3rd Qu.:0.7622902  
 Max.   :1.0000   Max.   :1.0000   Max.   : 8.01623   Max.   :0.9991265  
       X3        
 Min.   :0.0000  
 1st Qu.:0.0000  
 Median :0.0000  
 Mean   :0.4985  
 3rd Qu.:1.0000  
 Max.   :1.0000  
Simulation No: 2 || m = 50
Simulation No: 4 || m = 50
Simulation No: 1 || m = 50
Simulation No: 3 || m = 50
Simulation No: 5 || m = 50
Simulation No: 6 || m = 50
Simulation No: 7 || m = 50
Simulation No: 8 || m = 50
Simulation No: 9 || m = 50
Simulation No: 10 || m = 50
. AddIPW done
. AddIPW done
. AddIPW done
. AddIPW done
. AddIPW done
. AddIPW done
. No Interference IPW done
. No Interference IPW done
. No Interference IPW done
. AddIPW done
. No Interference IPW done
. AddIPW done
. No Interference IPW done
. No Interference IPW done
. AddIPW done
. AddIPW done
. No Interference IPW done
. No Interference IPW done
. No Interference IPW done
. No Interference IPW done
. Cluster IPW done
. Cluster IPW done
. Cluster IPW done
. Cluster IPW done
. Cluster IPW done
. Cluster IPW done
. Cluster IPW done
. Cluster IPW done
. Cluster IPW done
. Cluster IPW done
Simulation No: 3 || m = 100
Simulation No: 1 || m = 100
Simulation No: 2 || m = 100
Simulation No: 4 || m = 100
Simulation No: 5 || m = 100
Simulation No: 6 || m = 100
Simulation No: 8 || m = 100
Simulation No: 9 || m = 100
Simulation No: 7 || m = 100
Simulation No: 10 || m = 100
. AddIPW done
. AddIPW done
. AddIPW done
. AddIPW done
. AddIPW done
. AddIPW done
. AddIPW done
. AddIPW done
. AddIPW done
. AddIPW done
. No Interference IPW done
. No Interference IPW done
. No Interference IPW done
. No Interference IPW done
. No Interference IPW done
. No Interference IPW done
. No Interference IPW done
. No Interference IPW done
. No Interference IPW done
. No Interference IPW done
. Cluster IPW done
. Cluster IPW done
. Cluster IPW done
. Cluster IPW done
. Cluster IPW done
. Cluster IPW done
. Cluster IPW done
. Cluster IPW done
. Cluster IPW done
. Cluster IPW done
Simulation No: 2 || m = 200
Simulation No: 1 || m = 200
Simulation No: 3 || m = 200
Simulation No: 4 || m = 200
Simulation No: 5 || m = 200
Simulation No: 6 || m = 200
Simulation No: 8 || m = 200
Simulation No: 9 || m = 200
Simulation No: 7 || m = 200
Simulation No: 10 || m = 200
. AddIPW done
. AddIPW done
. AddIPW done
. AddIPW done
. AddIPW done
. AddIPW done
. AddIPW done
. AddIPW done
. AddIPW done
. AddIPW done
. No Interference IPW done
. No Interference IPW done
. No Interference IPW done
. No Interference IPW done
. No Interference IPW done
. No Interference IPW done
. No Interference IPW done
. No Interference IPW done
. No Interference IPW done
. No Interference IPW done
. Cluster IPW done
. Cluster IPW done
. Cluster IPW done
. Cluster IPW done
. Cluster IPW done
. Cluster IPW done
. Cluster IPW done
. Cluster IPW done
. Cluster IPW done
. Cluster IPW done
Simulation No: 1 || m = 400
Simulation No: 4 || m = 400
Simulation No: 3 || m = 400
Simulation No: 2 || m = 400
Simulation No: 5 || m = 400
Simulation No: 6 || m = 400
Simulation No: 7 || m = 400
Simulation No: 9 || m = 400
Simulation No: 8 || m = 400
Simulation No: 10 || m = 400
. AddIPW done
. AddIPW done
. AddIPW done
. AddIPW done
. AddIPW done
. AddIPW done
. AddIPW done
. AddIPW done
. AddIPW done
. No Interference IPW done
. No Interference IPW done
. No Interference IPW done
. No Interference IPW done
. AddIPW done
. No Interference IPW done
. No Interference IPW done
. No Interference IPW done
. No Interference IPW done
. No Interference IPW done
. No Interference IPW done
. Cluster IPW done
. Cluster IPW done
. Cluster IPW done
. Cluster IPW done
. Cluster IPW done
. Cluster IPW done
. Cluster IPW done
. Cluster IPW done
. Cluster IPW done
. Cluster IPW done
