
Attaching package: ‘dplyr’

The following objects are masked from ‘package:stats’:

    filter, lag

The following objects are masked from ‘package:base’:

    intersect, setdiff, setequal, union

── Attaching core tidyverse packages ──────────────────────── tidyverse 2.0.0 ──
✔ forcats   1.0.0     ✔ readr     2.1.4
✔ ggplot2   3.4.4     ✔ stringr   1.5.1
✔ lubridate 1.9.3     ✔ tibble    3.2.1
✔ purrr     0.3.5     ✔ tidyr     1.2.1
── Conflicts ────────────────────────────────────────── tidyverse_conflicts() ──
✖ dplyr::filter() masks stats::filter()
✖ dplyr::lag()    masks stats::lag()
ℹ Use the conflicted package (<http://conflicted.r-lib.org/>) to force all conflicts to become errors
Loading required package: slam
Using the GLPK callable library version 4.65
Loading required package: foreach

Attaching package: ‘foreach’

The following objects are masked from ‘package:purrr’:

    accumulate, when

Loading required package: iterators
Loading required package: parallel
       id               Y                  T                  C           
 Min.   : 1.000   Min.   : 0.05295   Min.   : 0.05295   Min.   :  0.1561  
 1st Qu.: 3.000   1st Qu.: 0.77357   1st Qu.: 0.85288   1st Qu.:  2.8256  
 Median : 5.000   Median : 0.93539   Median : 1.00861   Median :  8.3001  
 Mean   : 5.053   Mean   : 1.88849   Mean   : 2.47841   Mean   : 28.8789  
 3rd Qu.: 7.000   3rd Qu.: 1.24659   3rd Qu.: 1.35796   3rd Qu.: 25.6321  
 Max.   :10.000   Max.   :60.88409   Max.   :60.88409   Max.   :379.6321  
       D                A                X1                X2           
 Min.   :0.0000   Min.   :0.0000   Min.   :-3.2902   Min.   :-2.230392  
 1st Qu.:1.0000   1st Qu.:0.0000   1st Qu.:-0.3296   1st Qu.:-0.717052  
 Median :1.0000   Median :0.0000   Median : 0.2834   Median :-0.084389  
 Mean   :0.8947   Mean   :0.2316   Mean   : 0.1763   Mean   : 0.001249  
 3rd Qu.:1.0000   3rd Qu.:0.0000   3rd Qu.: 0.7895   3rd Qu.: 0.707193  
 Max.   :1.0000   Max.   :1.0000   Max.   : 2.1852   Max.   : 2.236805  
       X3                 X4          
 Min.   :-2.02929   Min.   :-1.94837  
 1st Qu.:-0.70457   1st Qu.:-0.56526  
 Median : 0.08905   Median :-0.12025  
 Mean   : 0.06775   Mean   :-0.06931  
 3rd Qu.: 0.81724   3rd Qu.: 0.41804  
 Max.   : 2.25809   Max.   : 2.27474  
Simulation No: 2 || m = 50
Simulation No: 1 || m = 50
Simulation No: 4 || m = 50
Simulation No: 3 || m = 50
Simulation No: 5 || m = 50
Simulation No: 7 || m = 50
Simulation No: 6 || m = 50
Simulation No: 10 || m = 50
Simulation No: 8 || m = 50
Simulation No: 9 || m = 50
. AddIPW done
. AddIPW done
. AddIPW done
. AddIPW done
. AddIPW done
. AddIPW done
. AddIPW done
. AddIPW done
. AddIPW done
. AddIPW done
. No Interference IPW done
. No Interference IPW done
. No Interference IPW done
. No Interference IPW done
. No Interference IPW done
. No Interference IPW done
. No Interference IPW done
. No Interference IPW done
. No Interference IPW done
. No Interference IPW done
. Cluster IPW done
. Cluster IPW done
. Cluster IPW done
. Cluster IPW done
. Cluster IPW done
. Cluster IPW done
. Cluster IPW done
. Cluster IPW done
. Cluster IPW done
. Cluster IPW done
Simulation No: 2 || m = 100
Simulation No: 4 || m = 100
Simulation No: 1 || m = 100Simulation No: 3 || m = 100

Simulation No: 5 || m = 100
Simulation No: 6 || m = 100
Simulation No: 7 || m = 100
Simulation No: 8 || m = 100
Simulation No: 9 || m = 100
Simulation No: 10 || m = 100
. AddIPW done
. AddIPW done
. AddIPW done
. AddIPW done
. AddIPW done
. AddIPW done
. AddIPW done
. AddIPW done
. AddIPW done
. AddIPW done
. No Interference IPW done
. No Interference IPW done
. No Interference IPW done
. No Interference IPW done
. No Interference IPW done
. No Interference IPW done
. No Interference IPW done
. No Interference IPW done
. No Interference IPW done
. No Interference IPW done
. Cluster IPW done
. Cluster IPW done
. Cluster IPW done
. Cluster IPW done
. Cluster IPW done
. Cluster IPW done
. Cluster IPW done
. Cluster IPW done
. Cluster IPW done
. Cluster IPW done
Simulation No: 1 || m = 200
Simulation No: 3 || m = 200
Simulation No: 2 || m = 200
Simulation No: 4 || m = 200
Simulation No: 5 || m = 200
Simulation No: 6 || m = 200
Simulation No: 7 || m = 200
Simulation No: 8 || m = 200
Simulation No: 9 || m = 200
Simulation No: 10 || m = 200
. AddIPW done
. AddIPW done
. AddIPW done
. AddIPW done
. AddIPW done
. AddIPW done
. AddIPW done
. AddIPW done
. AddIPW done
. AddIPW done
. No Interference IPW done
. No Interference IPW done
. No Interference IPW done
. No Interference IPW done
. No Interference IPW done
. No Interference IPW done
. No Interference IPW done
. No Interference IPW done
. No Interference IPW done
. No Interference IPW done
. Cluster IPW done
. Cluster IPW done
. Cluster IPW done
. Cluster IPW done
. Cluster IPW done
. Cluster IPW done
. Cluster IPW done
. Cluster IPW done
. Cluster IPW done
. Cluster IPW done
Simulation No: 1 || m = 400
Simulation No: 2 || m = 400
Simulation No: 3 || m = 400
Simulation No: 4 || m = 400
Simulation No: 5 || m = 400
Simulation No: 6 || m = 400
Simulation No: 7 || m = 400
Simulation No: 8 || m = 400
Simulation No: 9 || m = 400
Simulation No: 10 || m = 400
. AddIPW done
. AddIPW done
. AddIPW done
. AddIPW done
. AddIPW done
. AddIPW done
. AddIPW done
. AddIPW done
. AddIPW done
. AddIPW done
. No Interference IPW done
. No Interference IPW done
. No Interference IPW done
. No Interference IPW done
. No Interference IPW done
. No Interference IPW done
. No Interference IPW done
. No Interference IPW done
. No Interference IPW done
. No Interference IPW done
. Cluster IPW done
. Cluster IPW done
. Cluster IPW done
. Cluster IPW done
. Cluster IPW done
. Cluster IPW done
. Cluster IPW done
. Cluster IPW done
. Cluster IPW done
. Cluster IPW done
