
Attaching package: ‘dplyr’

The following objects are masked from ‘package:stats’:

    filter, lag

The following objects are masked from ‘package:base’:

    intersect, setdiff, setequal, union

── Attaching core tidyverse packages ──────────────────────── tidyverse 2.0.0 ──
✔ forcats   1.0.0     ✔ readr     2.1.4
✔ ggplot2   3.4.4     ✔ stringr   1.5.1
✔ lubridate 1.9.3     ✔ tibble    3.2.1
✔ purrr     0.3.5     ✔ tidyr     1.2.1
── Conflicts ────────────────────────────────────────── tidyverse_conflicts() ──
✖ dplyr::filter() masks stats::filter()
✖ dplyr::lag()    masks stats::lag()
ℹ Use the conflicted package (<http://conflicted.r-lib.org/>) to force all conflicts to become errors
Loading required package: slam
Using the GLPK callable library version 4.65
Loading required package: foreach

Attaching package: ‘foreach’

The following objects are masked from ‘package:purrr’:

    accumulate, when

Loading required package: iterators
Loading required package: parallel
       id               Y                 T                   C           
 Min.   : 1.000   Min.   : 0.0303   Min.   :  0.05713   Min.   :  0.0303  
 1st Qu.: 3.000   1st Qu.: 0.6796   1st Qu.:  0.75961   1st Qu.:  2.9603  
 Median : 5.000   Median : 0.9826   Median :  1.02303   Median :  9.0412  
 Mean   : 5.261   Mean   : 2.3524   Mean   :  4.53865   Mean   : 32.7454  
 3rd Qu.: 8.000   3rd Qu.: 1.4356   3rd Qu.:  1.52615   3rd Qu.: 29.9024  
 Max.   :10.000   Max.   :56.8201   Max.   :150.60239   Max.   :583.1162  
       D                A                X1                 X2          
 Min.   :0.0000   Min.   :0.0000   Min.   :-2.00278   Min.   :-2.97375  
 1st Qu.:1.0000   1st Qu.:0.0000   1st Qu.:-0.75205   1st Qu.:-0.89895  
 Median :1.0000   Median :0.0000   Median : 0.10572   Median :-0.01154  
 Mean   :0.8348   Mean   :0.2957   Mean   : 0.09637   Mean   : 0.03126  
 3rd Qu.:1.0000   3rd Qu.:1.0000   3rd Qu.: 0.88502   3rd Qu.: 0.93914  
 Max.   :1.0000   Max.   :1.0000   Max.   : 2.52667   Max.   : 2.78863  
       X3                 X4          
 Min.   :-2.24281   Min.   :-2.27518  
 1st Qu.:-0.87825   1st Qu.:-0.63914  
 Median :-0.13196   Median : 0.07331  
 Mean   :-0.09113   Mean   : 0.01547  
 3rd Qu.: 0.59709   3rd Qu.: 0.63472  
 Max.   : 2.06368   Max.   : 2.79948  
Simulation No: 2 || m = 50
Simulation No: 1 || m = 50
Simulation No: 3 || m = 50
Simulation No: 4 || m = 50
Simulation No: 5 || m = 50
Simulation No: 6 || m = 50
Simulation No: 7 || m = 50
Simulation No: 8 || m = 50
Simulation No: 9 || m = 50
Simulation No: 10 || m = 50
. AddIPW done
. AddIPW done
. AddIPW done
. AddIPW done
. AddIPW done
. AddIPW done
. AddIPW done
. AddIPW done
. AddIPW done
. AddIPW done
. No Interference IPW done
. No Interference IPW done
. No Interference IPW done
. No Interference IPW done
. No Interference IPW done
. No Interference IPW done
. No Interference IPW done
. No Interference IPW done
. No Interference IPW done
. No Interference IPW done
. Cluster IPW done
. Cluster IPW done
. Cluster IPW done
. Cluster IPW done
. Cluster IPW done
. Cluster IPW done
. Cluster IPW done
. Cluster IPW done
. Cluster IPW done
. Cluster IPW done
Simulation No: 1 || m = 100
Simulation No: 2 || m = 100
Simulation No: 3 || m = 100
Simulation No: 4 || m = 100
Simulation No: 5 || m = 100
Simulation No: 6 || m = 100
Simulation No: 8 || m = 100
Simulation No: 9 || m = 100
Simulation No: 7 || m = 100
Simulation No: 10 || m = 100
. AddIPW done
. AddIPW done
. AddIPW done
. AddIPW done
. AddIPW done
. AddIPW done
. AddIPW done
. AddIPW done
. AddIPW done
. AddIPW done
. No Interference IPW done
. No Interference IPW done
. No Interference IPW done
. No Interference IPW done
. No Interference IPW done
. No Interference IPW done
. No Interference IPW done
. No Interference IPW done
. No Interference IPW done
. No Interference IPW done
. Cluster IPW done
. Cluster IPW done
. Cluster IPW done
. Cluster IPW done
. Cluster IPW done
. Cluster IPW done
. Cluster IPW done
. Cluster IPW done
. Cluster IPW done
. Cluster IPW done
Simulation No: 1 || m = 200
Simulation No: 2 || m = 200
Simulation No: 3 || m = 200
Simulation No: 4 || m = 200
Simulation No: 5 || m = 200
Simulation No: 7 || m = 200
Simulation No: 6 || m = 200
Simulation No: 8 || m = 200
Simulation No: 10 || m = 200
Simulation No: 9 || m = 200
. AddIPW done
. AddIPW done
. AddIPW done
. AddIPW done
. AddIPW done
. AddIPW done
. AddIPW done
. AddIPW done
. AddIPW done
. AddIPW done
. No Interference IPW done
. No Interference IPW done
. No Interference IPW done
. No Interference IPW done
. No Interference IPW done
. No Interference IPW done
. No Interference IPW done
. No Interference IPW done
. No Interference IPW done
. No Interference IPW done
. Cluster IPW done
. Cluster IPW done
. Cluster IPW done
. Cluster IPW done
. Cluster IPW done
. Cluster IPW done
. Cluster IPW done
. Cluster IPW done
. Cluster IPW done
. Cluster IPW done
Simulation No: 1 || m = 400
Simulation No: 2 || m = 400
Simulation No: 3 || m = 400
Simulation No: 4 || m = 400
Simulation No: 5 || m = 400
Simulation No: 6 || m = 400
Simulation No: 7 || m = 400
Simulation No: 9 || m = 400
Simulation No: 8 || m = 400
Simulation No: 10 || m = 400
. AddIPW done
. AddIPW done
. AddIPW done
. AddIPW done
. AddIPW done
. AddIPW done
. AddIPW done
. AddIPW done
. AddIPW done
. AddIPW done
. No Interference IPW done
. No Interference IPW done
. No Interference IPW done
. No Interference IPW done
. No Interference IPW done
. No Interference IPW done
. No Interference IPW done
. No Interference IPW done
. No Interference IPW done
. No Interference IPW done
. Cluster IPW done
. Cluster IPW done
. Cluster IPW done
. Cluster IPW done
. Cluster IPW done
. Cluster IPW done
. Cluster IPW done
. Cluster IPW done
. Cluster IPW done
. Cluster IPW done
