
Attaching package: ‘dplyr’

The following objects are masked from ‘package:stats’:

    filter, lag

The following objects are masked from ‘package:base’:

    intersect, setdiff, setequal, union

── Attaching core tidyverse packages ──────────────────────── tidyverse 2.0.0 ──
✔ forcats   1.0.0     ✔ readr     2.1.4
✔ ggplot2   3.4.4     ✔ stringr   1.5.1
✔ lubridate 1.9.3     ✔ tibble    3.2.1
✔ purrr     0.3.5     ✔ tidyr     1.2.1
── Conflicts ────────────────────────────────────────── tidyverse_conflicts() ──
✖ dplyr::filter() masks stats::filter()
✖ dplyr::lag()    masks stats::lag()
ℹ Use the conflicted package (<http://conflicted.r-lib.org/>) to force all conflicts to become errors
Loading required package: slam
Using the GLPK callable library version 4.65
Loading required package: foreach

Attaching package: ‘foreach’

The following objects are masked from ‘package:purrr’:

    accumulate, when

Loading required package: iterators
Loading required package: parallel
       id               Y                  T                  C           
 Min.   : 1.000   Min.   : 0.05046   Min.   : 0.05624   Min.   :  0.0505  
 1st Qu.: 2.000   1st Qu.: 0.75189   1st Qu.: 0.77734   1st Qu.:  4.6805  
 Median : 5.000   Median : 1.00345   Median : 1.04665   Median : 13.9581  
 Mean   : 5.182   Mean   : 1.28625   Mean   : 2.03063   Mean   : 37.2437  
 3rd Qu.: 8.000   3rd Qu.: 1.35385   3rd Qu.: 1.38262   3rd Qu.: 34.2985  
 Max.   :10.000   Max.   :13.92216   Max.   :72.09489   Max.   :578.7585  
       D                A                X1                 X2          
 Min.   :0.0000   Min.   :0.0000   Min.   :-2.12633   Min.   :-2.78129  
 1st Qu.:1.0000   1st Qu.:0.0000   1st Qu.:-0.73751   1st Qu.:-0.63337  
 Median :1.0000   Median :0.0000   Median : 0.03026   Median : 0.04709  
 Mean   :0.8727   Mean   :0.2455   Mean   :-0.06234   Mean   : 0.02661  
 3rd Qu.:1.0000   3rd Qu.:0.0000   3rd Qu.: 0.48915   3rd Qu.: 0.76777  
 Max.   :1.0000   Max.   :1.0000   Max.   : 2.44883   Max.   : 2.07220  
       X3                  X4          
 Min.   :-2.720914   Min.   :-2.35677  
 1st Qu.:-0.631750   1st Qu.:-0.62840  
 Median : 0.001859   Median :-0.04614  
 Mean   :-0.022345   Mean   :-0.02137  
 3rd Qu.: 0.609955   3rd Qu.: 0.59794  
 Max.   : 2.091553   Max.   : 2.18979  
Simulation No: 1 || m = 50
Simulation No: 2 || m = 50
Simulation No: 3 || m = 50
Simulation No: 4 || m = 50
Simulation No: 5 || m = 50
Simulation No: 6 || m = 50
Simulation No: 7 || m = 50
Simulation No: 8 || m = 50
Simulation No: 9 || m = 50
Simulation No: 10 || m = 50
. AddIPW done
. AddIPW done
. AddIPW done
. AddIPW done
. AddIPW done
. AddIPW done
. AddIPW done
. AddIPW done
. AddIPW done
. AddIPW done
. No Interference IPW done
. No Interference IPW done
. No Interference IPW done
. No Interference IPW done
. No Interference IPW done
. No Interference IPW done
. No Interference IPW done
. No Interference IPW done
. No Interference IPW done
. No Interference IPW done
. Cluster IPW done
. Cluster IPW done
. Cluster IPW done
. Cluster IPW done
. Cluster IPW done
. Cluster IPW done
. Cluster IPW done
. Cluster IPW done
. Cluster IPW done
. Cluster IPW done
Simulation No: 1 || m = 100
Simulation No: 2 || m = 100
Simulation No: 3 || m = 100
Simulation No: 4 || m = 100
Simulation No: 5 || m = 100
Simulation No: 6 || m = 100
Simulation No: 7 || m = 100
Simulation No: 8 || m = 100
Simulation No: 9 || m = 100
Simulation No: 10 || m = 100
. AddIPW done
. AddIPW done
. AddIPW done
. AddIPW done
. AddIPW done
. AddIPW done
. AddIPW done
. AddIPW done
. AddIPW done
. AddIPW done
. No Interference IPW done
. No Interference IPW done
. No Interference IPW done
. No Interference IPW done
. No Interference IPW done
. No Interference IPW done
. No Interference IPW done
. No Interference IPW done
. No Interference IPW done
. No Interference IPW done
. Cluster IPW done
. Cluster IPW done
. Cluster IPW done
. Cluster IPW done
. Cluster IPW done
. Cluster IPW done
. Cluster IPW done
. Cluster IPW done
. Cluster IPW done
. Cluster IPW done
Simulation No: 1 || m = 200
Simulation No: 2 || m = 200
Simulation No: 3 || m = 200
Simulation No: 4 || m = 200
Simulation No: 5 || m = 200
Simulation No: 6 || m = 200
Simulation No: 7 || m = 200
Simulation No: 8 || m = 200
Simulation No: 10 || m = 200
Simulation No: 9 || m = 200
. AddIPW done
. AddIPW done
. AddIPW done
. AddIPW done
. AddIPW done
. AddIPW done
. AddIPW done
. AddIPW done
. AddIPW done
. AddIPW done
. No Interference IPW done
. No Interference IPW done
. No Interference IPW done
. No Interference IPW done
. No Interference IPW done
. No Interference IPW done
. No Interference IPW done
. No Interference IPW done
. No Interference IPW done
. No Interference IPW done
. Cluster IPW done
. Cluster IPW done
. Cluster IPW done
. Cluster IPW done
. Cluster IPW done
. Cluster IPW done
. Cluster IPW done
. Cluster IPW done
. Cluster IPW done
. Cluster IPW done
Simulation No: 1 || m = 400
Simulation No: 2 || m = 400
Simulation No: 3 || m = 400
Simulation No: 4 || m = 400
Simulation No: 5 || m = 400
Simulation No: 6 || m = 400
Simulation No: 7 || m = 400
Simulation No: 8 || m = 400
Simulation No: 9 || m = 400
Simulation No: 10 || m = 400
. AddIPW done
. AddIPW done
. AddIPW done
. AddIPW done
. AddIPW done
. AddIPW done
. AddIPW done
. AddIPW done
. AddIPW done
. AddIPW done
. No Interference IPW done
. No Interference IPW done
. No Interference IPW done
. No Interference IPW done
. No Interference IPW done
. No Interference IPW done
. No Interference IPW done
. No Interference IPW done
. No Interference IPW done
. No Interference IPW done
. Cluster IPW done
. Cluster IPW done
. Cluster IPW done
. Cluster IPW done
. Cluster IPW done
. Cluster IPW done
. Cluster IPW done
. Cluster IPW done
. Cluster IPW done
. Cluster IPW done
