
Attaching package: ‘dplyr’

The following objects are masked from ‘package:stats’:

    filter, lag

The following objects are masked from ‘package:base’:

    intersect, setdiff, setequal, union

── Attaching core tidyverse packages ──────────────────────── tidyverse 2.0.0 ──
✔ forcats   1.0.0     ✔ readr     2.1.4
✔ ggplot2   3.4.4     ✔ stringr   1.5.1
✔ lubridate 1.9.3     ✔ tibble    3.2.1
✔ purrr     0.3.5     ✔ tidyr     1.2.1
── Conflicts ────────────────────────────────────────── tidyverse_conflicts() ──
✖ dplyr::filter() masks stats::filter()
✖ dplyr::lag()    masks stats::lag()
ℹ Use the conflicted package (<http://conflicted.r-lib.org/>) to force all conflicts to become errors
Loading required package: slam
Using the GLPK callable library version 4.65
Loading required package: foreach

Attaching package: ‘foreach’

The following objects are masked from ‘package:purrr’:

    accumulate, when

Loading required package: iterators
Loading required package: parallel
       id               Y                  T                   C           
 Min.   : 1.000   Min.   : 0.03089   Min.   :  0.03089   Min.   :  0.0442  
 1st Qu.: 2.750   1st Qu.: 0.61566   1st Qu.:  0.62061   1st Qu.:  4.0912  
 Median : 5.000   Median : 0.88979   Median :  0.92918   Median : 12.6531  
 Mean   : 5.125   Mean   : 1.84930   Mean   :  2.47560   Mean   : 27.2791  
 3rd Qu.: 8.000   3rd Qu.: 1.31658   3rd Qu.:  1.33346   3rd Qu.: 26.3159  
 Max.   :10.000   Max.   :49.16531   Max.   :101.27952   Max.   :353.7726  
       D                A                X1                 X2          
 Min.   :0.0000   Min.   :0.0000   Min.   :-2.40912   Min.   :-3.03934  
 1st Qu.:1.0000   1st Qu.:0.0000   1st Qu.:-0.67645   1st Qu.:-0.64418  
 Median :1.0000   Median :0.0000   Median :-0.04551   Median : 0.06398  
 Mean   :0.9083   Mean   :0.3167   Mean   :-0.04058   Mean   : 0.01146  
 3rd Qu.:1.0000   3rd Qu.:1.0000   3rd Qu.: 0.67913   3rd Qu.: 0.83486  
 Max.   :1.0000   Max.   :1.0000   Max.   : 2.38761   Max.   : 2.30289  
       X3                X4           
 Min.   :-2.9294   Min.   :-2.195301  
 1st Qu.:-0.7341   1st Qu.:-0.771181  
 Median :-0.1212   Median :-0.056003  
 Mean   :-0.1509   Mean   : 0.005846  
 3rd Qu.: 0.5441   3rd Qu.: 0.737258  
 Max.   : 2.5836   Max.   : 2.487930  
Simulation No: 1 || m = 50
Simulation No: 2 || m = 50
Simulation No: 3 || m = 50
Simulation No: 4 || m = 50
Simulation No: 5 || m = 50
Simulation No: 6 || m = 50
Simulation No: 7 || m = 50
Simulation No: 9 || m = 50
Simulation No: 8 || m = 50
Simulation No: 10 || m = 50
. AddIPW done
. AddIPW done
. AddIPW done
. AddIPW done
. AddIPW done
. AddIPW done
. AddIPW done
. No Interference IPW done
. AddIPW done
. AddIPW done
. No Interference IPW done
. AddIPW done
. No Interference IPW done
. No Interference IPW done
. No Interference IPW done
. No Interference IPW done
. No Interference IPW done
. No Interference IPW done
. No Interference IPW done
. No Interference IPW done
. Cluster IPW done
. Cluster IPW done
. Cluster IPW done
. Cluster IPW done
. Cluster IPW done
. Cluster IPW done
. Cluster IPW done
. Cluster IPW done
. Cluster IPW done
. Cluster IPW done
Simulation No: 1 || m = 100
Simulation No: 2 || m = 100
Simulation No: 3 || m = 100
Simulation No: 4 || m = 100
Simulation No: 5 || m = 100
Simulation No: 6 || m = 100
Simulation No: 10 || m = 100
Simulation No: 7 || m = 100
Simulation No: 8 || m = 100
Simulation No: 9 || m = 100
. AddIPW done
. AddIPW done
. AddIPW done
. AddIPW done
. AddIPW done
. AddIPW done
. AddIPW done
. AddIPW done
. AddIPW done
. AddIPW done
. No Interference IPW done
. No Interference IPW done
. No Interference IPW done
. No Interference IPW done
. No Interference IPW done
. No Interference IPW done
. No Interference IPW done
. No Interference IPW done
. No Interference IPW done
. No Interference IPW done
. Cluster IPW done
. Cluster IPW done
. Cluster IPW done
. Cluster IPW done
. Cluster IPW done
. Cluster IPW done
. Cluster IPW done
. Cluster IPW done
. Cluster IPW done
. Cluster IPW done
Simulation No: 1 || m = 200
Simulation No: 2 || m = 200
Simulation No: 3 || m = 200
Simulation No: 4 || m = 200
Simulation No: 5 || m = 200
Simulation No: 6 || m = 200
Simulation No: 7 || m = 200
Simulation No: 10 || m = 200
Simulation No: 9 || m = 200
Simulation No: 8 || m = 200
. AddIPW done
. AddIPW done
. AddIPW done
. AddIPW done
. AddIPW done
. AddIPW done
. AddIPW done
. AddIPW done
. AddIPW done
. AddIPW done
. No Interference IPW done
. No Interference IPW done
. No Interference IPW done
. No Interference IPW done
. No Interference IPW done
. No Interference IPW done
. No Interference IPW done
. No Interference IPW done
. No Interference IPW done
. No Interference IPW done
. Cluster IPW done
. Cluster IPW done
. Cluster IPW done
. Cluster IPW done
. Cluster IPW done
. Cluster IPW done
. Cluster IPW done
. Cluster IPW done
. Cluster IPW done
. Cluster IPW done
Simulation No: 1 || m = 400
Simulation No: 2 || m = 400
Simulation No: 3 || m = 400
Simulation No: 4 || m = 400
Simulation No: 6 || m = 400
Simulation No: 5 || m = 400
Simulation No: 7 || m = 400
Simulation No: 9 || m = 400
Simulation No: 8 || m = 400
Simulation No: 10 || m = 400
. AddIPW done
. AddIPW done
. AddIPW done
. AddIPW done
. AddIPW done
. AddIPW done
. AddIPW done
. AddIPW done
. AddIPW done
. AddIPW done
. No Interference IPW done
. No Interference IPW done
. No Interference IPW done
. No Interference IPW done
. No Interference IPW done
. No Interference IPW done
. No Interference IPW done
. No Interference IPW done
. No Interference IPW done
. No Interference IPW done
. Cluster IPW done
. Cluster IPW done
. Cluster IPW done
. Cluster IPW done
. Cluster IPW done
. Cluster IPW done
. Cluster IPW done
. Cluster IPW done
. Cluster IPW done
. Cluster IPW done
