
Attaching package: ‘dplyr’

The following objects are masked from ‘package:stats’:

    filter, lag

The following objects are masked from ‘package:base’:

    intersect, setdiff, setequal, union

── Attaching core tidyverse packages ──────────────────────── tidyverse 2.0.0 ──
✔ forcats   1.0.0     ✔ readr     2.1.4
✔ ggplot2   3.4.4     ✔ stringr   1.5.1
✔ lubridate 1.9.3     ✔ tibble    3.2.1
✔ purrr     0.3.5     ✔ tidyr     1.2.1
── Conflicts ────────────────────────────────────────── tidyverse_conflicts() ──
✖ dplyr::filter() masks stats::filter()
✖ dplyr::lag()    masks stats::lag()
ℹ Use the conflicted package (<http://conflicted.r-lib.org/>) to force all conflicts to become errors
Loading required package: slam
Using the GLPK callable library version 4.65
Loading required package: foreach

Attaching package: ‘foreach’

The following objects are masked from ‘package:purrr’:

    accumulate, when

Loading required package: iterators
Loading required package: parallel
       id               Y                  T                  C           
 Min.   : 1.000   Min.   : 0.03326   Min.   : 0.03326   Min.   :  0.0769  
 1st Qu.: 4.000   1st Qu.: 0.73930   1st Qu.: 0.85317   1st Qu.:  5.2478  
 Median : 6.000   Median : 1.12292   Median : 1.17718   Median : 14.6235  
 Mean   : 5.864   Mean   : 1.92820   Mean   : 2.59731   Mean   : 36.0272  
 3rd Qu.: 8.000   3rd Qu.: 1.77014   3rd Qu.: 2.01673   3rd Qu.: 39.3468  
 Max.   :10.000   Max.   :13.58289   Max.   :61.87594   Max.   :690.8174  
       D             A                X1                 X2         
 Min.   :0.0   Min.   :0.0000   Min.   :-3.15818   Min.   :-2.3743  
 1st Qu.:1.0   1st Qu.:0.0000   1st Qu.:-0.90542   1st Qu.:-0.5564  
 Median :1.0   Median :0.0000   Median :-0.05969   Median : 0.2051  
 Mean   :0.9   Mean   :0.2727   Mean   :-0.15323   Mean   : 0.1323  
 3rd Qu.:1.0   3rd Qu.:1.0000   3rd Qu.: 0.57323   3rd Qu.: 0.7809  
 Max.   :1.0   Max.   :1.0000   Max.   : 2.08318   Max.   : 3.3066  
       X3                X4          
 Min.   :-2.1464   Min.   :-2.38942  
 1st Qu.:-0.6308   1st Qu.:-0.62675  
 Median : 0.1774   Median : 0.12393  
 Mean   : 0.1166   Mean   : 0.08935  
 3rd Qu.: 0.7546   3rd Qu.: 0.81151  
 Max.   : 2.6426   Max.   : 2.43359  
Simulation No: 1 || m = 50
Simulation No: 2 || m = 50
Simulation No: 3 || m = 50
Simulation No: 4 || m = 50
Simulation No: 5 || m = 50
Simulation No: 6 || m = 50
Simulation No: 7 || m = 50
Simulation No: 9 || m = 50
Simulation No: 10 || m = 50
Simulation No: 8 || m = 50
. AddIPW done
. AddIPW done
. AddIPW done
. AddIPW done
. AddIPW done
. AddIPW done
. AddIPW done
. AddIPW done
. AddIPW done
. AddIPW done
. No Interference IPW done
. No Interference IPW done
. No Interference IPW done
. No Interference IPW done
. No Interference IPW done
. No Interference IPW done
. No Interference IPW done
. No Interference IPW done
. No Interference IPW done
. No Interference IPW done
. Cluster IPW done
. Cluster IPW done
. Cluster IPW done
. Cluster IPW done
. Cluster IPW done
. Cluster IPW done
. Cluster IPW done
. Cluster IPW done
. Cluster IPW done
. Cluster IPW done
Simulation No: 1 || m = 100
Simulation No: 2 || m = 100
Simulation No: 3 || m = 100
Simulation No: 4 || m = 100
Simulation No: 5 || m = 100
Simulation No: 6 || m = 100
Simulation No: 7 || m = 100
Simulation No: 8 || m = 100
Simulation No: 10 || m = 100
Simulation No: 9 || m = 100
. AddIPW done
. AddIPW done
. AddIPW done
. AddIPW done
. AddIPW done
. AddIPW done
. AddIPW done
. AddIPW done
. AddIPW done
. AddIPW done
. No Interference IPW done
. No Interference IPW done
. No Interference IPW done
. No Interference IPW done
. No Interference IPW done
. No Interference IPW done
. No Interference IPW done
. No Interference IPW done
. No Interference IPW done
. No Interference IPW done
. Cluster IPW done
. Cluster IPW done
. Cluster IPW done
. Cluster IPW done
. Cluster IPW done
. Cluster IPW done
. Cluster IPW done
. Cluster IPW done
. Cluster IPW done
. Cluster IPW done
Simulation No: 1 || m = 200
Simulation No: 2 || m = 200
Simulation No: 3 || m = 200
Simulation No: 4 || m = 200
Simulation No: 5 || m = 200
Simulation No: 6 || m = 200
Simulation No: 7 || m = 200
Simulation No: 9 || m = 200
Simulation No: 8 || m = 200
Simulation No: 10 || m = 200
. AddIPW done
. AddIPW done
. AddIPW done
. AddIPW done
. AddIPW done
. AddIPW done
. AddIPW done
. AddIPW done
. AddIPW done
. AddIPW done
. No Interference IPW done
. No Interference IPW done
. No Interference IPW done
. No Interference IPW done
. No Interference IPW done
. No Interference IPW done
. No Interference IPW done
. No Interference IPW done
. No Interference IPW done
. No Interference IPW done
. Cluster IPW done
. Cluster IPW done
. Cluster IPW done
. Cluster IPW done
. Cluster IPW done
. Cluster IPW done
. Cluster IPW done
. Cluster IPW done
. Cluster IPW done
. Cluster IPW done
Simulation No: 1 || m = 400
Simulation No: 2 || m = 400
Simulation No: 3 || m = 400
Simulation No: 4 || m = 400
Simulation No: 5 || m = 400
Simulation No: 6 || m = 400
Simulation No: 7 || m = 400
Simulation No: 8 || m = 400
Simulation No: 9 || m = 400
Simulation No: 10 || m = 400
. AddIPW done
. AddIPW done
. AddIPW done
. AddIPW done
. AddIPW done
. AddIPW done
. AddIPW done
. AddIPW done
. AddIPW done
. AddIPW done
. No Interference IPW done
. No Interference IPW done
. No Interference IPW done
. No Interference IPW done
. No Interference IPW done
. No Interference IPW done
. No Interference IPW done
. No Interference IPW done
. No Interference IPW done
. No Interference IPW done
. Cluster IPW done
. Cluster IPW done
. Cluster IPW done
. Cluster IPW done
. Cluster IPW done
. Cluster IPW done
. Cluster IPW done
. Cluster IPW done
. Cluster IPW done
. Cluster IPW done
