
Attaching package: ‘dplyr’

The following objects are masked from ‘package:stats’:

    filter, lag

The following objects are masked from ‘package:base’:

    intersect, setdiff, setequal, union

── Attaching core tidyverse packages ──────────────────────── tidyverse 2.0.0 ──
✔ forcats   1.0.0     ✔ readr     2.1.4
✔ ggplot2   3.4.4     ✔ stringr   1.5.1
✔ lubridate 1.9.3     ✔ tibble    3.2.1
✔ purrr     0.3.5     ✔ tidyr     1.2.1
── Conflicts ────────────────────────────────────────── tidyverse_conflicts() ──
✖ dplyr::filter() masks stats::filter()
✖ dplyr::lag()    masks stats::lag()
ℹ Use the conflicted package (<http://conflicted.r-lib.org/>) to force all conflicts to become errors
Loading required package: slam
Using the GLPK callable library version 4.65
Loading required package: foreach

Attaching package: ‘foreach’

The following objects are masked from ‘package:purrr’:

    accumulate, when

Loading required package: iterators
Loading required package: parallel
       id               Y                 T                  C            
 Min.   : 1.000   Min.   :0.06396   Min.   : 0.06396   Min.   :  0.08858  
 1st Qu.: 4.000   1st Qu.:0.88034   1st Qu.: 0.95477   1st Qu.:  4.83139  
 Median : 7.000   Median :1.20231   Median : 1.31272   Median : 11.59410  
 Mean   : 6.286   Mean   :1.53067   Mean   : 2.05931   Mean   : 26.06107  
 3rd Qu.: 9.000   3rd Qu.:1.81749   3rd Qu.: 1.91626   3rd Qu.: 28.67557  
 Max.   :10.000   Max.   :7.46315   Max.   :28.42515   Max.   :258.24087  
       D                A                X1                 X2          
 Min.   :0.0000   Min.   :0.0000   Min.   :-2.54812   Min.   :-2.65554  
 1st Qu.:1.0000   1st Qu.:0.0000   1st Qu.:-0.81074   1st Qu.:-0.46381  
 Median :1.0000   Median :0.0000   Median : 0.02862   Median : 0.18280  
 Mean   :0.8952   Mean   :0.2762   Mean   :-0.02419   Mean   : 0.08485  
 3rd Qu.:1.0000   3rd Qu.:1.0000   3rd Qu.: 0.80543   3rd Qu.: 0.76666  
 Max.   :1.0000   Max.   :1.0000   Max.   : 2.17898   Max.   : 2.77253  
       X3                X4          
 Min.   :-3.2012   Min.   :-2.10039  
 1st Qu.:-0.4922   1st Qu.:-0.73036  
 Median : 0.0862   Median :-0.01342  
 Mean   : 0.1188   Mean   : 0.03256  
 3rd Qu.: 0.8368   3rd Qu.: 0.60761  
 Max.   : 2.8284   Max.   : 3.40807  
Simulation No: 1 || m = 50
Simulation No: 2 || m = 50
Simulation No: 3 || m = 50
Simulation No: 4 || m = 50
Simulation No: 5 || m = 50
Simulation No: 6 || m = 50
Simulation No: 7 || m = 50
Simulation No: 9 || m = 50
Simulation No: 8 || m = 50
Simulation No: 10 || m = 50
. AddIPW done
. AddIPW done
. AddIPW done
. AddIPW done
. AddIPW done
. AddIPW done
. AddIPW done
. AddIPW done
. No Interference IPW done
. AddIPW done
. AddIPW done
. No Interference IPW done
. No Interference IPW done
. No Interference IPW done
. No Interference IPW done
. No Interference IPW done
. No Interference IPW done
. No Interference IPW done
. No Interference IPW done
. No Interference IPW done
. Cluster IPW done
. Cluster IPW done
. Cluster IPW done
. Cluster IPW done
. Cluster IPW done
. Cluster IPW done
. Cluster IPW done
. Cluster IPW done
. Cluster IPW done
. Cluster IPW done
Simulation No: 1 || m = 100
Simulation No: 2 || m = 100
Simulation No: 3 || m = 100
Simulation No: 4 || m = 100
Simulation No: 5 || m = 100
Simulation No: 6 || m = 100
Simulation No: 9 || m = 100
Simulation No: 7 || m = 100
Simulation No: 8 || m = 100
Simulation No: 10 || m = 100
. AddIPW done
. AddIPW done
. AddIPW done
. AddIPW done
. AddIPW done
. AddIPW done
. AddIPW done
. AddIPW done
. AddIPW done
. AddIPW done
. No Interference IPW done
. No Interference IPW done
. No Interference IPW done
. No Interference IPW done
. No Interference IPW done
. No Interference IPW done
. No Interference IPW done
. No Interference IPW done
. No Interference IPW done
. No Interference IPW done
. Cluster IPW done
. Cluster IPW done
. Cluster IPW done
. Cluster IPW done
. Cluster IPW done
. Cluster IPW done
. Cluster IPW done
. Cluster IPW done
. Cluster IPW done
. Cluster IPW done
Simulation No: 2 || m = 200
Simulation No: 5 || m = 200
Simulation No: 10 || m = 200
Simulation No: 7 || m = 200Simulation No: 3 || m = 200Simulation No: 6 || m = 200


Simulation No: 8 || m = 200
Simulation No: 9 || m = 200
Simulation No: 1 || m = 200
Simulation No: 4 || m = 200
. AddIPW done
. AddIPW done
. AddIPW done
. AddIPW done
. AddIPW done
. AddIPW done
. AddIPW done
. AddIPW done
. AddIPW done
. AddIPW done
. No Interference IPW done
. No Interference IPW done
. No Interference IPW done
. No Interference IPW done
. No Interference IPW done
. No Interference IPW done
. No Interference IPW done
. No Interference IPW done
. No Interference IPW done
. No Interference IPW done
. Cluster IPW done
. Cluster IPW done
. Cluster IPW done
. Cluster IPW done
. Cluster IPW done
. Cluster IPW done
. Cluster IPW done
. Cluster IPW done
. Cluster IPW done
. Cluster IPW done
Simulation No: 1 || m = 400
Simulation No: 2 || m = 400
Simulation No: 3 || m = 400
Simulation No: 4 || m = 400
Simulation No: 5 || m = 400
Simulation No: 6 || m = 400
Simulation No: 9 || m = 400
Simulation No: 10 || m = 400
Simulation No: 7 || m = 400
Simulation No: 8 || m = 400
. AddIPW done
. AddIPW done
. AddIPW done
. AddIPW done
. AddIPW done
. AddIPW done
. AddIPW done
. AddIPW done
. AddIPW done
. AddIPW done
. No Interference IPW done
. No Interference IPW done
. No Interference IPW done
. No Interference IPW done
. No Interference IPW done
. No Interference IPW done
. No Interference IPW done
. No Interference IPW done
. No Interference IPW done
. No Interference IPW done
. Cluster IPW done
. Cluster IPW done
. Cluster IPW done
. Cluster IPW done
. Cluster IPW done
. Cluster IPW done
. Cluster IPW done
. Cluster IPW done
. Cluster IPW done
. Cluster IPW done
