
Attaching package: ‘dplyr’

The following objects are masked from ‘package:stats’:

    filter, lag

The following objects are masked from ‘package:base’:

    intersect, setdiff, setequal, union

── Attaching core tidyverse packages ──────────────────────── tidyverse 2.0.0 ──
✔ forcats   1.0.0     ✔ readr     2.1.4
✔ ggplot2   3.4.4     ✔ stringr   1.5.1
✔ lubridate 1.9.3     ✔ tibble    3.2.1
✔ purrr     0.3.5     ✔ tidyr     1.2.1
── Conflicts ────────────────────────────────────────── tidyverse_conflicts() ──
✖ dplyr::filter() masks stats::filter()
✖ dplyr::lag()    masks stats::lag()
ℹ Use the conflicted package (<http://conflicted.r-lib.org/>) to force all conflicts to become errors
Loading required package: slam
Using the GLPK callable library version 4.65
Loading required package: foreach

Attaching package: ‘foreach’

The following objects are masked from ‘package:purrr’:

    accumulate, when

Loading required package: iterators
Loading required package: parallel
       id               Y                  T                  C           
 Min.   : 1.000   Min.   : 0.03375   Min.   : 0.07477   Min.   :  0.0337  
 1st Qu.: 2.000   1st Qu.: 0.65069   1st Qu.: 0.70027   1st Qu.:  3.4589  
 Median : 4.000   Median : 1.09108   Median : 1.28411   Median :  9.2542  
 Mean   : 4.789   Mean   : 1.87458   Mean   : 2.99307   Mean   : 26.0164  
 3rd Qu.: 8.000   3rd Qu.: 1.64304   3rd Qu.: 1.90001   3rd Qu.: 23.8779  
 Max.   :10.000   Max.   :53.21283   Max.   :63.59473   Max.   :363.8794  
       D                A                X1                 X2           
 Min.   :0.0000   Min.   :0.0000   Min.   :-2.79897   Min.   :-2.464549  
 1st Qu.:1.0000   1st Qu.:0.0000   1st Qu.:-0.57967   1st Qu.:-0.822225  
 Median :1.0000   Median :0.0000   Median : 0.07307   Median : 0.124208  
 Mean   :0.8632   Mean   :0.3368   Mean   : 0.04461   Mean   :-0.008641  
 3rd Qu.:1.0000   3rd Qu.:1.0000   3rd Qu.: 0.78703   3rd Qu.: 0.732023  
 Max.   :1.0000   Max.   :1.0000   Max.   : 2.05209   Max.   : 2.831060  
       X3                 X4           
 Min.   :-2.22390   Min.   :-2.525596  
 1st Qu.:-0.54453   1st Qu.:-0.851626  
 Median : 0.09756   Median :-0.000607  
 Mean   : 0.09608   Mean   :-0.074058  
 3rd Qu.: 0.66716   3rd Qu.: 0.673828  
 Max.   : 2.65354   Max.   : 3.747507  
Simulation No: 1 || m = 50
Simulation No: 2 || m = 50
Simulation No: 3 || m = 50
Simulation No: 4 || m = 50
Simulation No: 5 || m = 50
Simulation No: 6 || m = 50
Simulation No: 10 || m = 50
Simulation No: 8 || m = 50
Simulation No: 7 || m = 50
Simulation No: 9 || m = 50
. AddIPW done
. AddIPW done
. AddIPW done
. AddIPW done
. AddIPW done
. AddIPW done
. AddIPW done
. AddIPW done
. AddIPW done
. AddIPW done
. No Interference IPW done
. No Interference IPW done
. No Interference IPW done
. No Interference IPW done
. No Interference IPW done
. No Interference IPW done
. No Interference IPW done
. No Interference IPW done
. No Interference IPW done
. No Interference IPW done
. Cluster IPW done
. Cluster IPW done
. Cluster IPW done
. Cluster IPW done
. Cluster IPW done
. Cluster IPW done
. Cluster IPW done
. Cluster IPW done
. Cluster IPW done
. Cluster IPW done
Simulation No: 1 || m = 100
Simulation No: 2 || m = 100
Simulation No: 4 || m = 100
Simulation No: 3 || m = 100
Simulation No: 5 || m = 100
Simulation No: 6 || m = 100
Simulation No: 7 || m = 100
Simulation No: 9 || m = 100
Simulation No: 8 || m = 100
Simulation No: 10 || m = 100
. AddIPW done
. AddIPW done
. AddIPW done
. AddIPW done
. AddIPW done
. AddIPW done
. AddIPW done
. AddIPW done
. AddIPW done
. AddIPW done
. No Interference IPW done
. No Interference IPW done
. No Interference IPW done
. No Interference IPW done
. No Interference IPW done
. No Interference IPW done
. No Interference IPW done
. No Interference IPW done
. No Interference IPW done
. No Interference IPW done
. Cluster IPW done
. Cluster IPW done
. Cluster IPW done
. Cluster IPW done
. Cluster IPW done
. Cluster IPW done
. Cluster IPW done
. Cluster IPW done
. Cluster IPW done
. Cluster IPW done
Simulation No: 1 || m = 200
Simulation No: 2 || m = 200
Simulation No: 4 || m = 200
Simulation No: 5 || m = 200
Simulation No: 3 || m = 200
Simulation No: 6 || m = 200
Simulation No: 7 || m = 200
Simulation No: 9 || m = 200
Simulation No: 8 || m = 200
Simulation No: 10 || m = 200
. AddIPW done
. AddIPW done
. AddIPW done
. AddIPW done
. AddIPW done
. AddIPW done
. AddIPW done
. AddIPW done
. AddIPW done
. AddIPW done
. No Interference IPW done
. No Interference IPW done
. No Interference IPW done
. No Interference IPW done
. No Interference IPW done
. No Interference IPW done
. No Interference IPW done
. No Interference IPW done
. No Interference IPW done
. No Interference IPW done
. Cluster IPW done
. Cluster IPW done
. Cluster IPW done
. Cluster IPW done
. Cluster IPW done
. Cluster IPW done
. Cluster IPW done
. Cluster IPW done
. Cluster IPW done
. Cluster IPW done
Simulation No: 1 || m = 400
Simulation No: 2 || m = 400
Simulation No: 3 || m = 400
Simulation No: 4 || m = 400
Simulation No: 5 || m = 400
Simulation No: 6 || m = 400
Simulation No: 7 || m = 400
Simulation No: 8 || m = 400
Simulation No: 10 || m = 400
Simulation No: 9 || m = 400
. AddIPW done
. AddIPW done
. AddIPW done
. AddIPW done
. AddIPW done
. AddIPW done
. AddIPW done
. AddIPW done
. AddIPW done
. AddIPW done
. No Interference IPW done
. No Interference IPW done
. No Interference IPW done
. No Interference IPW done
. No Interference IPW done
. No Interference IPW done
. No Interference IPW done
. No Interference IPW done
. No Interference IPW done
. No Interference IPW done
. Cluster IPW done
. Cluster IPW done
. Cluster IPW done
. Cluster IPW done
. Cluster IPW done
. Cluster IPW done
. Cluster IPW done
. Cluster IPW done
. Cluster IPW done
. Cluster IPW done
