
Attaching package: ‘dplyr’

The following objects are masked from ‘package:stats’:

    filter, lag

The following objects are masked from ‘package:base’:

    intersect, setdiff, setequal, union

── Attaching core tidyverse packages ──────────────────────── tidyverse 2.0.0 ──
✔ forcats   1.0.0     ✔ readr     2.1.4
✔ ggplot2   3.4.4     ✔ stringr   1.5.1
✔ lubridate 1.9.3     ✔ tibble    3.2.1
✔ purrr     0.3.5     ✔ tidyr     1.2.1
── Conflicts ────────────────────────────────────────── tidyverse_conflicts() ──
✖ dplyr::filter() masks stats::filter()
✖ dplyr::lag()    masks stats::lag()
ℹ Use the conflicted package (<http://conflicted.r-lib.org/>) to force all conflicts to become errors
Loading required package: slam
Using the GLPK callable library version 4.65
Loading required package: foreach

Attaching package: ‘foreach’

The following objects are masked from ‘package:purrr’:

    accumulate, when

Loading required package: iterators
Loading required package: parallel
       id               Y                  T                  C            
 Min.   : 1.000   Min.   : 0.04066   Min.   : 0.04066   Min.   :  0.06561  
 1st Qu.: 4.000   1st Qu.: 0.75826   1st Qu.: 0.77028   1st Qu.:  4.91066  
 Median : 7.000   Median : 1.00038   Median : 1.01442   Median : 13.74497  
 Mean   : 6.304   Mean   : 1.65593   Mean   : 1.81020   Mean   : 35.70593  
 3rd Qu.: 9.000   3rd Qu.: 1.37755   3rd Qu.: 1.38664   3rd Qu.: 37.02308  
 Max.   :10.000   Max.   :24.76464   Max.   :24.76464   Max.   :299.49130  
       D               A                X1                X2         
 Min.   :0.000   Min.   :0.0000   Min.   :-2.5575   Min.   :-3.2756  
 1st Qu.:1.000   1st Qu.:0.0000   1st Qu.:-0.6826   1st Qu.:-0.4820  
 Median :1.000   Median :0.0000   Median :-0.1903   Median : 0.1141  
 Mean   :0.913   Mean   :0.2522   Mean   :-0.1292   Mean   : 0.1039  
 3rd Qu.:1.000   3rd Qu.:0.5000   3rd Qu.: 0.5577   3rd Qu.: 0.7494  
 Max.   :1.000   Max.   :1.0000   Max.   : 1.6996   Max.   : 2.4262  
       X3                 X4           
 Min.   :-3.39274   Min.   :-2.503885  
 1st Qu.:-0.82779   1st Qu.:-0.840891  
 Median : 0.19324   Median : 0.015300  
 Mean   : 0.02474   Mean   :-0.005334  
 3rd Qu.: 0.88189   3rd Qu.: 0.803524  
 Max.   : 1.96453   Max.   : 2.087555  
Simulation No: 2 || m = 50
Simulation No: 1 || m = 50
Simulation No: 3 || m = 50
Simulation No: 4 || m = 50
Simulation No: 5 || m = 50
Simulation No: 6 || m = 50
Simulation No: 7 || m = 50
Simulation No: 8 || m = 50
Simulation No: 9 || m = 50
Simulation No: 10 || m = 50
. AddIPW done
. AddIPW done
. AddIPW done
. AddIPW done
. AddIPW done
. AddIPW done
. AddIPW done
. AddIPW done
. AddIPW done
. AddIPW done
. No Interference IPW done
. No Interference IPW done
. No Interference IPW done
. No Interference IPW done
. No Interference IPW done
. No Interference IPW done
. No Interference IPW done
. No Interference IPW done
. No Interference IPW done
. No Interference IPW done
. Cluster IPW done
. Cluster IPW done
. Cluster IPW done
. Cluster IPW done
. Cluster IPW done
. Cluster IPW done
. Cluster IPW done
. Cluster IPW done
. Cluster IPW done
. Cluster IPW done
Simulation No: 3 || m = 100
Simulation No: 1 || m = 100
Simulation No: 4 || m = 100
Simulation No: 2 || m = 100
Simulation No: 5 || m = 100
Simulation No: 6 || m = 100
Simulation No: 7 || m = 100
Simulation No: 8 || m = 100
Simulation No: 10 || m = 100
Simulation No: 9 || m = 100
. AddIPW done
. AddIPW done
. AddIPW done
. AddIPW done
. AddIPW done
. AddIPW done
. AddIPW done
. AddIPW done
. AddIPW done
. AddIPW done
. No Interference IPW done
. No Interference IPW done
. No Interference IPW done
. No Interference IPW done
. No Interference IPW done
. No Interference IPW done
. No Interference IPW done
. No Interference IPW done
. No Interference IPW done
. No Interference IPW done
. Cluster IPW done
. Cluster IPW done
. Cluster IPW done
. Cluster IPW done
. Cluster IPW done
. Cluster IPW done
. Cluster IPW done
. Cluster IPW done
. Cluster IPW done
. Cluster IPW done
Simulation No: 4 || m = 200
Simulation No: 6 || m = 200
Simulation No: 8 || m = 200
Simulation No: 10 || m = 200
Simulation No: 3 || m = 200
Simulation No: 5 || m = 200
Simulation No: 1 || m = 200
Simulation No: 7 || m = 200
Simulation No: 2 || m = 200
Simulation No: 9 || m = 200
. AddIPW done
. AddIPW done
. AddIPW done
. AddIPW done
. AddIPW done
. AddIPW done
. AddIPW done
. AddIPW done
. AddIPW done
. AddIPW done
. No Interference IPW done
. No Interference IPW done
. No Interference IPW done
. No Interference IPW done
. No Interference IPW done
. No Interference IPW done
. No Interference IPW done
. No Interference IPW done
. No Interference IPW done
. No Interference IPW done
. Cluster IPW done
. Cluster IPW done
. Cluster IPW done
. Cluster IPW done
. Cluster IPW done
. Cluster IPW done
. Cluster IPW done
. Cluster IPW done
. Cluster IPW done
. Cluster IPW done
Simulation No: 1 || m = 400
Simulation No: 3 || m = 400
Simulation No: 2 || m = 400
Simulation No: 4 || m = 400
Simulation No: 6 || m = 400
Simulation No: 5 || m = 400
Simulation No: 8 || m = 400
Simulation No: 9 || m = 400
Simulation No: 10 || m = 400
Simulation No: 7 || m = 400
. AddIPW done
. AddIPW done
. AddIPW done
. AddIPW done
. AddIPW done
. AddIPW done
. AddIPW done
. AddIPW done
. AddIPW done
. AddIPW done
. No Interference IPW done
. No Interference IPW done
. No Interference IPW done
. No Interference IPW done
. No Interference IPW done
. No Interference IPW done
. No Interference IPW done
. No Interference IPW done
. No Interference IPW done
. No Interference IPW done
. Cluster IPW done
. Cluster IPW done
. Cluster IPW done
. Cluster IPW done
. Cluster IPW done
. Cluster IPW done
. Cluster IPW done
. Cluster IPW done
. Cluster IPW done
. Cluster IPW done
