
Attaching package: ‘dplyr’

The following objects are masked from ‘package:stats’:

    filter, lag

The following objects are masked from ‘package:base’:

    intersect, setdiff, setequal, union

── Attaching core tidyverse packages ──────────────────────── tidyverse 2.0.0 ──
✔ forcats   1.0.0     ✔ readr     2.1.4
✔ ggplot2   3.4.4     ✔ stringr   1.5.1
✔ lubridate 1.9.3     ✔ tibble    3.2.1
✔ purrr     0.3.5     ✔ tidyr     1.2.1
── Conflicts ────────────────────────────────────────── tidyverse_conflicts() ──
✖ dplyr::filter() masks stats::filter()
✖ dplyr::lag()    masks stats::lag()
ℹ Use the conflicted package (<http://conflicted.r-lib.org/>) to force all conflicts to become errors
Loading required package: slam
Using the GLPK callable library version 4.65
Loading required package: foreach

Attaching package: ‘foreach’

The following objects are masked from ‘package:purrr’:

    accumulate, when

Loading required package: iterators
Loading required package: parallel
       id               Y                   T                   C            
 Min.   :  1.00   Min.   :0.0000137   Min.   : 0.000014   Min.   :  0.00007  
 1st Qu.: 27.00   1st Qu.:0.0251248   1st Qu.: 0.034674   1st Qu.:  0.08387  
 Median : 54.00   Median :0.0614816   Median : 0.074351   Median :  0.38568  
 Mean   : 52.19   Mean   :0.1004481   Mean   : 0.147473   Mean   :  2.05264  
 3rd Qu.: 78.00   3rd Qu.:0.1292655   3rd Qu.: 0.149574   3rd Qu.:  1.68686  
 Max.   :100.00   Max.   :0.8807125   Max.   :18.795753   Max.   :153.90487  
       D                A                X1                X2           
 Min.   :0.0000   Min.   :0.0000   Min.   :-9.1067   Min.   :0.0002503  
 1st Qu.:1.0000   1st Qu.:0.0000   1st Qu.:-1.9047   1st Qu.:0.2366863  
 Median :1.0000   Median :0.0000   Median : 0.1094   Median :0.5247288  
 Mean   :0.7649   Mean   :0.2946   Mean   : 0.1674   Mean   :0.5052166  
 3rd Qu.:1.0000   3rd Qu.:1.0000   3rd Qu.: 2.3613   3rd Qu.:0.7709266  
 Max.   :1.0000   Max.   :1.0000   Max.   : 9.3071   Max.   :0.9981565  
       X3        
 Min.   :0.0000  
 1st Qu.:0.0000  
 Median :1.0000  
 Mean   :0.5034  
 3rd Qu.:1.0000  
 Max.   :1.0000  
Simulation No: 2 || m = 50
Simulation No: 1 || m = 50
Simulation No: 3 || m = 50
Simulation No: 4 || m = 50
Simulation No: 5 || m = 50
Simulation No: 6 || m = 50
Simulation No: 7 || m = 50
Simulation No: 9 || m = 50Simulation No: 8 || m = 50

Simulation No: 10 || m = 50
. AddIPW done
. AddIPW done
. AddIPW done
. AddIPW done
. AddIPW done
. AddIPW done
. AddIPW done
. AddIPW done
. AddIPW done
. AddIPW done
. No Interference IPW done
. No Interference IPW done
. No Interference IPW done
. No Interference IPW done
. No Interference IPW done
. No Interference IPW done
. No Interference IPW done
. No Interference IPW done
. No Interference IPW done
. No Interference IPW done
. Cluster IPW done
. Oracle Indirect done
. Cluster IPW done
. Oracle Indirect done
. Cluster IPW done
. Cluster IPW done
. Cluster IPW done
. Oracle Indirect done
. Cluster IPW done
. Oracle Indirect done
. Oracle Indirect done
. Cluster IPW done
. Cluster IPW done
. Oracle Indirect done
. Oracle Indirect done
. Oracle Indirect done
. Cluster IPW done
. Cluster IPW done
. Oracle Indirect done
. Oracle Indirect done
Simulation No: 1 || m = 100
Simulation No: 2 || m = 100
Simulation No: 3 || m = 100
Simulation No: 4 || m = 100
Simulation No: 5 || m = 100
Simulation No: 6 || m = 100
Simulation No: 7 || m = 100
Simulation No: 10 || m = 100
Simulation No: 8 || m = 100
Simulation No: 9 || m = 100
. AddIPW done
. AddIPW done
. AddIPW done
. AddIPW done
. AddIPW done
. AddIPW done
. AddIPW done
. AddIPW done
. AddIPW done
. AddIPW done
. No Interference IPW done
. No Interference IPW done
. No Interference IPW done
. No Interference IPW done
. No Interference IPW done
. No Interference IPW done
. No Interference IPW done
. No Interference IPW done
. No Interference IPW done
. No Interference IPW done
. Cluster IPW done
. Oracle Indirect done
. Cluster IPW done
. Cluster IPW done
. Cluster IPW done
. Cluster IPW done
. Cluster IPW done
. Oracle Indirect done
. Cluster IPW done
. Oracle Indirect done
. Oracle Indirect done
. Cluster IPW done
. Oracle Indirect done
. Oracle Indirect done
. Cluster IPW done
. Oracle Indirect done
. Cluster IPW done
. Oracle Indirect done
. Oracle Indirect done
. Oracle Indirect done
Simulation No: 1 || m = 200
Simulation No: 2 || m = 200
Simulation No: 3 || m = 200
Simulation No: 4 || m = 200
Simulation No: 5 || m = 200
Simulation No: 6 || m = 200
Simulation No: 7 || m = 200
Simulation No: 9 || m = 200
Simulation No: 8 || m = 200
Simulation No: 10 || m = 200
. AddIPW done
. AddIPW done
. AddIPW done
. AddIPW done
. AddIPW done
. AddIPW done
. AddIPW done
. AddIPW done
. AddIPW done
. AddIPW done
. No Interference IPW done
. No Interference IPW done
. No Interference IPW done
. No Interference IPW done
. No Interference IPW done
. No Interference IPW done
. No Interference IPW done
. No Interference IPW done
. No Interference IPW done
. No Interference IPW done
. Cluster IPW done
. Cluster IPW done
. Cluster IPW done
. Cluster IPW done
. Cluster IPW done
. Cluster IPW done
. Oracle Indirect done
. Oracle Indirect done
. Oracle Indirect done
. Oracle Indirect done
. Cluster IPW done
. Oracle Indirect done
. Oracle Indirect done
. Cluster IPW done
. Cluster IPW done
. Oracle Indirect done
. Cluster IPW done
. Oracle Indirect done
. Oracle Indirect done
. Oracle Indirect done
Simulation No: 1 || m = 400
Simulation No: 2 || m = 400
Simulation No: 3 || m = 400
Simulation No: 4 || m = 400
Simulation No: 5 || m = 400
Simulation No: 6 || m = 400
Simulation No: 7 || m = 400
Simulation No: 8 || m = 400
Simulation No: 9 || m = 400
Simulation No: 10 || m = 400
. AddIPW done
. AddIPW done
. AddIPW done
. AddIPW done
. AddIPW done
. AddIPW done
. AddIPW done
. AddIPW done
. AddIPW done
. AddIPW done
. No Interference IPW done
. No Interference IPW done
. No Interference IPW done
. No Interference IPW done
. No Interference IPW done
. No Interference IPW done
. No Interference IPW done
. No Interference IPW done
. No Interference IPW done
. No Interference IPW done
. Cluster IPW done
. Cluster IPW done
. Cluster IPW done
. Oracle Indirect done
. Oracle Indirect done
. Cluster IPW done
. Cluster IPW done
. Cluster IPW done
. Cluster IPW done
. Cluster IPW done
. Oracle Indirect done
. Oracle Indirect done
. Oracle Indirect done
. Cluster IPW done
. Cluster IPW done
. Oracle Indirect done
. Oracle Indirect done
. Oracle Indirect done
. Oracle Indirect done
. Oracle Indirect done
