
Attaching package: ‘dplyr’

The following objects are masked from ‘package:stats’:

    filter, lag

The following objects are masked from ‘package:base’:

    intersect, setdiff, setequal, union

── Attaching core tidyverse packages ──────────────────────── tidyverse 2.0.0 ──
✔ forcats   1.0.0     ✔ readr     2.1.4
✔ ggplot2   3.4.4     ✔ stringr   1.5.1
✔ lubridate 1.9.3     ✔ tibble    3.2.1
✔ purrr     0.3.5     ✔ tidyr     1.2.1
── Conflicts ────────────────────────────────────────── tidyverse_conflicts() ──
✖ dplyr::filter() masks stats::filter()
✖ dplyr::lag()    masks stats::lag()
ℹ Use the conflicted package (<http://conflicted.r-lib.org/>) to force all conflicts to become errors
Loading required package: slam
Using the GLPK callable library version 4.65
Loading required package: foreach

Attaching package: ‘foreach’

The following objects are masked from ‘package:purrr’:

    accumulate, when

Loading required package: iterators
Loading required package: parallel
       id               Y                   T                   C            
 Min.   :  1.00   Min.   :0.0001067   Min.   :0.0001074   Min.   :  0.00011  
 1st Qu.: 24.00   1st Qu.:0.0277664   1st Qu.:0.0388657   1st Qu.:  0.10091  
 Median : 52.00   Median :0.0685587   Median :0.0836213   Median :  0.47444  
 Mean   : 50.37   Mean   :0.1114602   Mean   :0.1467826   Mean   :  2.34043  
 3rd Qu.: 76.00   3rd Qu.:0.1387424   3rd Qu.:0.1676261   3rd Qu.:  1.77575  
 Max.   :100.00   Max.   :1.9908135   Max.   :3.0916314   Max.   :120.33568  
       D                A                X1                  X2          
 Min.   :0.0000   Min.   :0.0000   Min.   :-10.18788   Min.   :0.001169  
 1st Qu.:1.0000   1st Qu.:0.0000   1st Qu.: -2.15128   1st Qu.:0.249971  
 Median :1.0000   Median :0.0000   Median : -0.10366   Median :0.514224  
 Mean   :0.7627   Mean   :0.2725   Mean   : -0.06875   Mean   :0.499939  
 3rd Qu.:1.0000   3rd Qu.:1.0000   3rd Qu.:  1.82601   3rd Qu.:0.732165  
 Max.   :1.0000   Max.   :1.0000   Max.   : 10.31116   Max.   :0.998262  
       X3        
 Min.   :0.0000  
 1st Qu.:0.0000  
 Median :0.0000  
 Mean   :0.4902  
 3rd Qu.:1.0000  
 Max.   :1.0000  
Simulation No: 2 || m = 50
Simulation No: 1 || m = 50
Simulation No: 3 || m = 50
Simulation No: 4 || m = 50
Simulation No: 5 || m = 50
Simulation No: 6 || m = 50
Simulation No: 7 || m = 50Simulation No: 8 || m = 50

Simulation No: 9 || m = 50
Simulation No: 10 || m = 50
. AddIPW done
. AddIPW done
. AddIPW done
. AddIPW done
. AddIPW done
. AddIPW done
. AddIPW done
. AddIPW done
. AddIPW done
. AddIPW done
. No Interference IPW done
. No Interference IPW done
. No Interference IPW done
. No Interference IPW done
. No Interference IPW done
. No Interference IPW done
. No Interference IPW done
. No Interference IPW done
. No Interference IPW done
. No Interference IPW done
. Cluster IPW done
. Cluster IPW done
. Oracle Indirect done
. Oracle Indirect done
. Cluster IPW done
. Oracle Indirect done
. Cluster IPW done
. Oracle Indirect done
. Cluster IPW done
. Cluster IPW done
. Cluster IPW done
. Oracle Indirect done
. Oracle Indirect done
. Oracle Indirect done
. Cluster IPW done
. Cluster IPW done
. Oracle Indirect done
. Cluster IPW done
. Oracle Indirect done
. Oracle Indirect done
Simulation No: 1 || m = 100
Simulation No: 2 || m = 100
Simulation No: 3 || m = 100
Simulation No: 4 || m = 100
Simulation No: 5 || m = 100
Simulation No: 6 || m = 100
Simulation No: 7 || m = 100
Simulation No: 9 || m = 100
Simulation No: 8 || m = 100
Simulation No: 10 || m = 100
. AddIPW done
. AddIPW done
. AddIPW done
. AddIPW done
. AddIPW done
. AddIPW done
. AddIPW done
. AddIPW done
. AddIPW done
. AddIPW done
. No Interference IPW done
. No Interference IPW done
. No Interference IPW done
. No Interference IPW done
. No Interference IPW done
. No Interference IPW done
. No Interference IPW done
. No Interference IPW done
. No Interference IPW done
. No Interference IPW done
. Cluster IPW done
. Cluster IPW done
. Oracle Indirect done
. Oracle Indirect done
. Cluster IPW done
. Cluster IPW done
. Oracle Indirect done
. Oracle Indirect done
. Cluster IPW done
. Cluster IPW done
. Cluster IPW done
. Oracle Indirect done
. Cluster IPW done
. Oracle Indirect done
. Cluster IPW done
. Oracle Indirect done
. Oracle Indirect done
. Cluster IPW done
. Oracle Indirect done
. Oracle Indirect done
Simulation No: 1 || m = 200
Simulation No: 2 || m = 200
Simulation No: 3 || m = 200
Simulation No: 4 || m = 200
Simulation No: 5 || m = 200
Simulation No: 6 || m = 200
Simulation No: 8 || m = 200
Simulation No: 7 || m = 200
Simulation No: 9 || m = 200
Simulation No: 10 || m = 200
. AddIPW done
. AddIPW done
. AddIPW done
. AddIPW done
. AddIPW done
. AddIPW done
. AddIPW done
. AddIPW done
. AddIPW done
. AddIPW done
. No Interference IPW done
. No Interference IPW done
. No Interference IPW done
. No Interference IPW done
. No Interference IPW done
. No Interference IPW done
. No Interference IPW done
. No Interference IPW done
. No Interference IPW done
. No Interference IPW done
. Cluster IPW done
. Cluster IPW done
. Oracle Indirect done
. Oracle Indirect done
. Cluster IPW done
. Cluster IPW done
. Oracle Indirect done
. Cluster IPW done
. Oracle Indirect done
. Oracle Indirect done
. Cluster IPW done
. Cluster IPW done
. Cluster IPW done
. Oracle Indirect done
. Oracle Indirect done
. Oracle Indirect done
. Cluster IPW done
. Cluster IPW done
. Oracle Indirect done
. Oracle Indirect done
Simulation No: 2 || m = 400
Simulation No: 1 || m = 400
Simulation No: 3 || m = 400
Simulation No: 4 || m = 400
Simulation No: 5 || m = 400
Simulation No: 6 || m = 400
Simulation No: 8 || m = 400
Simulation No: 7 || m = 400
Simulation No: 9 || m = 400
Simulation No: 10 || m = 400
. AddIPW done
. AddIPW done
. AddIPW done
. AddIPW done
. AddIPW done
. AddIPW done
. AddIPW done
. AddIPW done
. AddIPW done
. AddIPW done
. No Interference IPW done
. No Interference IPW done
. No Interference IPW done
. No Interference IPW done
. No Interference IPW done
. No Interference IPW done
. No Interference IPW done
. No Interference IPW done
. No Interference IPW done
. No Interference IPW done
. Cluster IPW done
. Cluster IPW done
. Cluster IPW done
. Oracle Indirect done
. Cluster IPW done
. Oracle Indirect done
. Cluster IPW done
. Cluster IPW done
. Cluster IPW done
. Oracle Indirect done
. Oracle Indirect done
. Cluster IPW done
. Cluster IPW done
. Oracle Indirect done
. Oracle Indirect done
. Oracle Indirect done
. Cluster IPW done
. Oracle Indirect done
. Oracle Indirect done
. Oracle Indirect done
