
Attaching package: ‘dplyr’

The following objects are masked from ‘package:stats’:

    filter, lag

The following objects are masked from ‘package:base’:

    intersect, setdiff, setequal, union

── Attaching core tidyverse packages ──────────────────────── tidyverse 2.0.0 ──
✔ forcats   1.0.0     ✔ readr     2.1.4
✔ ggplot2   3.4.4     ✔ stringr   1.5.1
✔ lubridate 1.9.3     ✔ tibble    3.2.1
✔ purrr     0.3.5     ✔ tidyr     1.2.1
── Conflicts ────────────────────────────────────────── tidyverse_conflicts() ──
✖ dplyr::filter() masks stats::filter()
✖ dplyr::lag()    masks stats::lag()
ℹ Use the conflicted package (<http://conflicted.r-lib.org/>) to force all conflicts to become errors
Loading required package: slam
Using the GLPK callable library version 4.65
Loading required package: foreach

Attaching package: ‘foreach’

The following objects are masked from ‘package:purrr’:

    accumulate, when

Loading required package: iterators
Loading required package: parallel
       id               Y                   T                  C           
 Min.   :  1.00   Min.   :0.0000289   Min.   :0.000029   Min.   :  0.0004  
 1st Qu.: 23.00   1st Qu.:0.0259896   1st Qu.:0.036348   1st Qu.:  0.1085  
 Median : 49.50   Median :0.0684773   Median :0.081108   Median :  0.4143  
 Mean   : 49.17   Mean   :0.1019408   Mean   :0.130655   Mean   :  1.9918  
 3rd Qu.: 74.00   3rd Qu.:0.1334373   3rd Qu.:0.161692   3rd Qu.:  1.5890  
 Max.   :100.00   Max.   :1.5546189   Max.   :5.219082   Max.   :114.8460  
       D                A              X1                 X2          
 Min.   :0.0000   Min.   :0.00   Min.   :-8.64156   Min.   :0.004915  
 1st Qu.:1.0000   1st Qu.:0.00   1st Qu.:-2.04579   1st Qu.:0.239207  
 Median :1.0000   Median :0.00   Median :-0.06569   Median :0.465351  
 Mean   :0.7821   Mean   :0.28   Mean   :-0.10651   Mean   :0.486038  
 3rd Qu.:1.0000   3rd Qu.:1.00   3rd Qu.: 1.78950   3rd Qu.:0.743028  
 Max.   :1.0000   Max.   :1.00   Max.   :10.52687   Max.   :0.999754  
       X3        
 Min.   :0.0000  
 1st Qu.:0.0000  
 Median :1.0000  
 Mean   :0.5211  
 3rd Qu.:1.0000  
 Max.   :1.0000  
Simulation No: 1 || m = 50
Simulation No: 2 || m = 50
Simulation No: 3 || m = 50
Simulation No: 4 || m = 50
Simulation No: 5 || m = 50
Simulation No: 6 || m = 50
Simulation No: 7 || m = 50
Simulation No: 8 || m = 50
Simulation No: 9 || m = 50
Simulation No: 10 || m = 50
. AddIPW done
. AddIPW done
. AddIPW done
. AddIPW done
. AddIPW done
. AddIPW done
. AddIPW done
. AddIPW done
. AddIPW done
. AddIPW done
. No Interference IPW done
. No Interference IPW done
. No Interference IPW done
. No Interference IPW done
. No Interference IPW done
. No Interference IPW done
. No Interference IPW done
. No Interference IPW done
. No Interference IPW done
. Cluster IPW done
. Oracle Indirect done
. Cluster IPW done
. Cluster IPW done
. Cluster IPW done
. Oracle Indirect done
. Oracle Indirect done
. Cluster IPW done
. Cluster IPW done
. Cluster IPW done
. Cluster IPW done
. Oracle Indirect done
. Cluster IPW done
. Oracle Indirect done
. Oracle Indirect done
. Oracle Indirect done
. Oracle Indirect done
. Oracle Indirect done
slurmstepd: error: *** JOB 53070049 ON c0513 CANCELLED AT 2024-11-03T19:49:07 DUE TO TIME LIMIT ***
