
Attaching package: ‘dplyr’

The following objects are masked from ‘package:stats’:

    filter, lag

The following objects are masked from ‘package:base’:

    intersect, setdiff, setequal, union

── Attaching core tidyverse packages ──────────────────────── tidyverse 2.0.0 ──
✔ forcats   1.0.0     ✔ readr     2.1.4
✔ ggplot2   3.4.4     ✔ stringr   1.5.1
✔ lubridate 1.9.3     ✔ tibble    3.2.1
✔ purrr     0.3.5     ✔ tidyr     1.2.1
── Conflicts ────────────────────────────────────────── tidyverse_conflicts() ──
✖ dplyr::filter() masks stats::filter()
✖ dplyr::lag()    masks stats::lag()
ℹ Use the conflicted package (<http://conflicted.r-lib.org/>) to force all conflicts to become errors
Loading required package: slam
Using the GLPK callable library version 4.65
Loading required package: foreach

Attaching package: ‘foreach’

The following objects are masked from ‘package:purrr’:

    accumulate, when

Loading required package: iterators
Loading required package: parallel
       id               Y                   T                  C           
 Min.   :  1.00   Min.   :0.0000954   Min.   :0.000132   Min.   : 0.00010  
 1st Qu.: 26.00   1st Qu.:0.0252611   1st Qu.:0.038589   1st Qu.: 0.09744  
 Median : 52.00   Median :0.0657485   Median :0.079753   Median : 0.39493  
 Mean   : 51.98   Mean   :0.0962398   Mean   :0.134645   Mean   : 2.09565  
 3rd Qu.: 78.00   3rd Qu.:0.1271131   3rd Qu.:0.156155   3rd Qu.: 1.72444  
 Max.   :100.00   Max.   :0.8927585   Max.   :5.179545   Max.   :62.24796  
       D                A                X1                  X2           
 Min.   :0.0000   Min.   :0.0000   Min.   :-8.325081   Min.   :0.0001735  
 1st Qu.:1.0000   1st Qu.:0.0000   1st Qu.:-2.028811   1st Qu.:0.2455301  
 Median :1.0000   Median :0.0000   Median : 0.035141   Median :0.4957482  
 Mean   :0.7543   Mean   :0.2731   Mean   :-0.006596   Mean   :0.4957806  
 3rd Qu.:1.0000   3rd Qu.:1.0000   3rd Qu.: 2.098908   3rd Qu.:0.7460003  
 Max.   :1.0000   Max.   :1.0000   Max.   : 9.518394   Max.   :0.9996733  
       X3        
 Min.   :0.0000  
 1st Qu.:0.0000  
 Median :1.0000  
 Mean   :0.5056  
 3rd Qu.:1.0000  
 Max.   :1.0000  
Simulation No: 3 || m = 50
Simulation No: 1 || m = 50
Simulation No: 2 || m = 50
Simulation No: 4 || m = 50
Simulation No: 5 || m = 50
Simulation No: 6 || m = 50
Simulation No: 7 || m = 50
Simulation No: 8 || m = 50
Simulation No: 9 || m = 50
Simulation No: 10 || m = 50
. AddIPW done
. AddIPW done
. AddIPW done
. AddIPW done
. AddIPW done
. AddIPW done
. AddIPW done
. AddIPW done
. AddIPW done
. AddIPW done
. No Interference IPW done
. No Interference IPW done
. No Interference IPW done
. No Interference IPW done
. No Interference IPW done
. No Interference IPW done
. No Interference IPW done
. No Interference IPW done
. No Interference IPW done
. No Interference IPW done
. Cluster IPW done
. Cluster IPW done
. Cluster IPW done
. Oracle Indirect done
. Oracle Indirect done
. Cluster IPW done
. Cluster IPW done
. Oracle Indirect done
. Cluster IPW done
. Cluster IPW done
. Oracle Indirect done
. Oracle Indirect done
. Cluster IPW done
. Oracle Indirect done
. Oracle Indirect done
. Cluster IPW done
. Oracle Indirect done
. Cluster IPW done
. Oracle Indirect done
. Oracle Indirect done
Simulation No: 1 || m = 100
Simulation No: 2 || m = 100
Simulation No: 3 || m = 100
Simulation No: 4 || m = 100
Simulation No: 5 || m = 100
Simulation No: 6 || m = 100
Simulation No: 7 || m = 100
Simulation No: 8 || m = 100
Simulation No: 9 || m = 100
Simulation No: 10 || m = 100
. AddIPW done
. AddIPW done
. AddIPW done
. AddIPW done
. AddIPW done
. AddIPW done
. AddIPW done
. AddIPW done
. AddIPW done
. AddIPW done
. No Interference IPW done
. No Interference IPW done
. No Interference IPW done
. No Interference IPW done
. No Interference IPW done
. No Interference IPW done
. No Interference IPW done
. No Interference IPW done
. No Interference IPW done
. No Interference IPW done
. Cluster IPW done
. Cluster IPW done
. Cluster IPW done
. Cluster IPW done
. Oracle Indirect done
. Oracle Indirect done
. Oracle Indirect done
. Oracle Indirect done
. Cluster IPW done
. Cluster IPW done
. Cluster IPW done
. Oracle Indirect done
. Oracle Indirect done
. Cluster IPW done
. Cluster IPW done
. Cluster IPW done
. Oracle Indirect done
. Oracle Indirect done
. Oracle Indirect done
. Oracle Indirect done
Simulation No: 1 || m = 200
Simulation No: 2 || m = 200
Simulation No: 3 || m = 200
Simulation No: 4 || m = 200
Simulation No: 5 || m = 200
Simulation No: 6 || m = 200
Simulation No: 7 || m = 200
Simulation No: 8 || m = 200
Simulation No: 9 || m = 200
Simulation No: 10 || m = 200
. AddIPW done
. AddIPW done
. AddIPW done
. AddIPW done
. AddIPW done
. AddIPW done
. AddIPW done
. AddIPW done
. AddIPW done
. AddIPW done
. No Interference IPW done
. No Interference IPW done
. No Interference IPW done
. No Interference IPW done
. No Interference IPW done
. No Interference IPW done
. No Interference IPW done
. No Interference IPW done
. No Interference IPW done
. Cluster IPW done
. Oracle Indirect done
. Cluster IPW done
. Cluster IPW done
. Oracle Indirect done
. Oracle Indirect done
. Cluster IPW done
. Cluster IPW done
. Cluster IPW done
. Cluster IPW done
. Oracle Indirect done
. Oracle Indirect done
. Cluster IPW done
. Oracle Indirect done
. Cluster IPW done
. Oracle Indirect done
. Oracle Indirect done
. Oracle Indirect done
slurmstepd: error: *** JOB 53070032 ON c0523 CANCELLED AT 2024-11-03T19:49:07 DUE TO TIME LIMIT ***
