
Attaching package: ‘dplyr’

The following objects are masked from ‘package:stats’:

    filter, lag

The following objects are masked from ‘package:base’:

    intersect, setdiff, setequal, union

── Attaching core tidyverse packages ──────────────────────── tidyverse 2.0.0 ──
✔ forcats   1.0.0     ✔ readr     2.1.4
✔ ggplot2   3.4.4     ✔ stringr   1.5.1
✔ lubridate 1.9.3     ✔ tibble    3.2.1
✔ purrr     0.3.5     ✔ tidyr     1.2.1
── Conflicts ────────────────────────────────────────── tidyverse_conflicts() ──
✖ dplyr::filter() masks stats::filter()
✖ dplyr::lag()    masks stats::lag()
ℹ Use the conflicted package (<http://conflicted.r-lib.org/>) to force all conflicts to become errors
Loading required package: slam
Using the GLPK callable library version 4.65
Loading required package: foreach

Attaching package: ‘foreach’

The following objects are masked from ‘package:purrr’:

    accumulate, when

Loading required package: iterators
Loading required package: parallel
       id               Y                   T                   C            
 Min.   :  1.00   Min.   :0.0000032   Min.   :0.0000032   Min.   :  0.00003  
 1st Qu.: 28.00   1st Qu.:0.0245039   1st Qu.:0.0350933   1st Qu.:  0.09696  
 Median : 50.00   Median :0.0662464   Median :0.0774690   Median :  0.44652  
 Mean   : 50.77   Mean   :0.1038943   Mean   :0.1313105   Mean   :  2.27357  
 3rd Qu.: 75.25   3rd Qu.:0.1331446   3rd Qu.:0.1627398   3rd Qu.:  1.69250  
 Max.   :100.00   Max.   :1.0576664   Max.   :2.0424807   Max.   :130.25594  
       D                A                X1                 X2          
 Min.   :0.0000   Min.   :0.0000   Min.   :-9.80242   Min.   :0.003673  
 1st Qu.:1.0000   1st Qu.:0.0000   1st Qu.:-2.12518   1st Qu.:0.250989  
 Median :1.0000   Median :0.0000   Median :-0.06981   Median :0.520035  
 Mean   :0.7573   Mean   :0.3042   Mean   :-0.01733   Mean   :0.501342  
 3rd Qu.:1.0000   3rd Qu.:1.0000   3rd Qu.: 2.04237   3rd Qu.:0.740258  
 Max.   :1.0000   Max.   :1.0000   Max.   : 9.21850   Max.   :0.999775  
       X3        
 Min.   :0.0000  
 1st Qu.:0.0000  
 Median :1.0000  
 Mean   :0.5271  
 3rd Qu.:1.0000  
 Max.   :1.0000  
Simulation No: 3 || m = 50Simulation No: 2 || m = 50Simulation No: 1 || m = 50


Simulation No: 4 || m = 50
Simulation No: 5 || m = 50
Simulation No: 6 || m = 50
Simulation No: 7 || m = 50
Simulation No: 8 || m = 50
Simulation No: 10 || m = 50
Simulation No: 9 || m = 50
. AddIPW done
. AddIPW done
. AddIPW done
. AddIPW done
. AddIPW done
. AddIPW done
. AddIPW done
. AddIPW done
. AddIPW done
. AddIPW done
. No Interference IPW done
. No Interference IPW done
. No Interference IPW done
. No Interference IPW done
. No Interference IPW done
. No Interference IPW done
. No Interference IPW done
. No Interference IPW done
. No Interference IPW done
. No Interference IPW done
. Cluster IPW done
. Oracle Indirect done
. Cluster IPW done
. Cluster IPW done
. Cluster IPW done
. Oracle Indirect done
. Oracle Indirect done
. Oracle Indirect done
. Cluster IPW done
. Cluster IPW done
. Cluster IPW done
. Oracle Indirect done
. Oracle Indirect done
. Cluster IPW done
. Oracle Indirect done
. Cluster IPW done
. Cluster IPW done
. Oracle Indirect done
. Oracle Indirect done
. Oracle Indirect done
Simulation No: 2 || m = 100
Simulation No: 1 || m = 100
Simulation No: 3 || m = 100
Simulation No: 4 || m = 100
Simulation No: 5 || m = 100
Simulation No: 6 || m = 100
Simulation No: 7 || m = 100
Simulation No: 8 || m = 100
Simulation No: 9 || m = 100
Simulation No: 10 || m = 100
. AddIPW done
. AddIPW done
. AddIPW done
. AddIPW done
. AddIPW done
. AddIPW done
. AddIPW done
. AddIPW done
. AddIPW done
. AddIPW done
. No Interference IPW done
. No Interference IPW done
. No Interference IPW done
. No Interference IPW done
. No Interference IPW done
. No Interference IPW done
. No Interference IPW done
. No Interference IPW done
. No Interference IPW done
. No Interference IPW done
. Cluster IPW done
. Oracle Indirect done
. Cluster IPW done
. Cluster IPW done
. Cluster IPW done
. Oracle Indirect done
. Oracle Indirect done
. Cluster IPW done
. Cluster IPW done
. Cluster IPW done
. Cluster IPW done
. Oracle Indirect done
. Cluster IPW done
. Cluster IPW done
. Oracle Indirect done
. Oracle Indirect done
. Oracle Indirect done
. Oracle Indirect done
. Oracle Indirect done
. Oracle Indirect done
Simulation No: 1 || m = 200
Simulation No: 2 || m = 200
Simulation No: 3 || m = 200
Simulation No: 4 || m = 200
Simulation No: 5 || m = 200
Simulation No: 6 || m = 200
Simulation No: 8 || m = 200
Simulation No: 9 || m = 200
Simulation No: 7 || m = 200
Simulation No: 10 || m = 200
. AddIPW done
. AddIPW done
. AddIPW done
. AddIPW done
. AddIPW done
. AddIPW done
. AddIPW done
. AddIPW done
. AddIPW done
. AddIPW done
. No Interference IPW done
. No Interference IPW done
. No Interference IPW done
. No Interference IPW done
. No Interference IPW done
. No Interference IPW done
. No Interference IPW done
. No Interference IPW done
. No Interference IPW done
. No Interference IPW done
. Cluster IPW done
. Cluster IPW done
. Cluster IPW done
. Cluster IPW done
. Cluster IPW done
. Cluster IPW done
. Cluster IPW done
. Oracle Indirect done
. Cluster IPW done
. Oracle Indirect done
. Cluster IPW done
. Oracle Indirect done
. Cluster IPW done
. Oracle Indirect done
. Oracle Indirect done
. Oracle Indirect done
. Oracle Indirect done
. Oracle Indirect done
. Oracle Indirect done
. Oracle Indirect done
Simulation No: 1 || m = 400
Simulation No: 2 || m = 400
Simulation No: 3 || m = 400
Simulation No: 4 || m = 400
Simulation No: 5 || m = 400
Simulation No: 6 || m = 400
Simulation No: 7 || m = 400
Simulation No: 8 || m = 400
Simulation No: 9 || m = 400
Simulation No: 10 || m = 400
. AddIPW done
. AddIPW done
. AddIPW done
. AddIPW done
. AddIPW done
. AddIPW done
. AddIPW done
. AddIPW done
. AddIPW done
. AddIPW done
. No Interference IPW done
. No Interference IPW done
. No Interference IPW done
. No Interference IPW done
. No Interference IPW done
. No Interference IPW done
. No Interference IPW done
. No Interference IPW done
. No Interference IPW done
. No Interference IPW done
. Cluster IPW done
. Cluster IPW done
. Oracle Indirect done
. Cluster IPW done
. Cluster IPW done
. Cluster IPW done
. Cluster IPW done
. Cluster IPW done
. Oracle Indirect done
. Oracle Indirect done
. Oracle Indirect done
. Oracle Indirect done
. Cluster IPW done
. Cluster IPW done
. Cluster IPW done
. Oracle Indirect done
. Oracle Indirect done
. Oracle Indirect done
. Oracle Indirect done
. Oracle Indirect done
